12:35:58 INFO  : Registering command handlers for SDK TCF services
12:36:00 INFO  : Launching XSCT server: xsct.bat -interactive E:\Users\Docs\2.Vivado_projects\ArtyA7_SDcard_readwrite\ArtyA7_SDcard_readwrite.sdk\temp_xsdb_launch_script.tcl
12:36:10 INFO  : XSCT server has started successfully.
12:36:14 INFO  : Processing command line option -hwspec E:/Users/Docs/2.Vivado_projects/ArtyA7_SDcard_readwrite/ArtyA7_SDcard_readwrite.sdk/design_1_wrapper.hdf.
12:36:14 INFO  : Successfully done setting XSCT server connection channel  
12:36:14 INFO  : Successfully done setting SDK workspace  
12:53:49 INFO  : Connected to target on host '127.0.0.1' and port '3121'.
12:53:50 INFO  : 'targets -set -filter {jtag_cable_name =~ "Digilent Arty A7-35T 210319AB587BA" && level==0} -index 0' command is executed.
12:53:51 INFO  : FPGA configured successfully with bitstream "E:/Users/Docs/2.Vivado_projects/ArtyA7_SDcard_readwrite/ArtyA7_SDcard_readwrite.sdk/design_1_wrapper_hw_platform_0/download.bit"
12:54:35 INFO  : 'targets -set -filter {jtag_cable_name =~ "Digilent Arty A7-35T 210319AB587BA" && level==0} -index 0' command is executed.
12:54:35 INFO  : 'fpga -state' command is executed.
12:54:35 INFO  : Connected to target on host '127.0.0.1' and port '3121'.
12:54:35 INFO  : Jtag cable 'Digilent Arty A7-35T 210319AB587BA' is selected.
12:54:35 INFO  : 'jtag frequency' command is executed.
12:54:35 INFO  : 'configparams mdm-detect-bscan-mask 2' command is executed.
12:54:35 INFO  : Context for processor 'microblaze_0' is selected.
12:54:35 INFO  : Processor reset is completed for 'microblaze_0'.
12:54:35 INFO  : Context for processor 'microblaze_0' is selected.
12:54:36 INFO  : The application 'E:/Users/Docs/2.Vivado_projects/ArtyA7_SDcard_readwrite/ArtyA7_SDcard_readwrite.sdk/sdcard_rw/Debug/sdcard_rw.elf' is downloaded to processor 'microblaze_0'.
12:54:36 INFO  : ----------------XSDB Script----------------
connect -url tcp:127.0.0.1:3121
configparams mdm-detect-bscan-mask 2
targets -set -nocase -filter {name =~ "microblaze*#0" && bscan=="USER2"  && jtag_cable_name =~ "Digilent Arty A7-35T 210319AB587BA"} -index 0
rst -processor
targets -set -nocase -filter {name =~ "microblaze*#0" && bscan=="USER2"  && jtag_cable_name =~ "Digilent Arty A7-35T 210319AB587BA"} -index 0
dow E:/Users/Docs/2.Vivado_projects/ArtyA7_SDcard_readwrite/ArtyA7_SDcard_readwrite.sdk/sdcard_rw/Debug/sdcard_rw.elf
----------------End of Script----------------

12:54:37 INFO  : Memory regions updated for context PA
12:54:37 INFO  : Memory regions updated for context MicroBlaze Debug Module at USER2
12:54:37 INFO  : Context for processor 'microblaze_0' is selected.
12:54:37 INFO  : 'con' command is executed.
12:54:37 INFO  : ----------------XSDB Script (After Launch)----------------
targets -set -nocase -filter {name =~ "microblaze*#0" && bscan=="USER2"  && jtag_cable_name =~ "Digilent Arty A7-35T 210319AB587BA"} -index 0
con
----------------End of Script----------------

12:54:37 INFO  : Launch script is exported to file 'E:\Users\Docs\2.Vivado_projects\ArtyA7_SDcard_readwrite\ArtyA7_SDcard_readwrite.sdk\.sdk\launch_scripts\xilinx_c-c++_application_(system_debugger)\system_debugger_using_debug_sdcard_rw.elf_on_local.tcl'
13:00:26 INFO  : Disconnected from the channel tcfchan#1.
21:44:01 INFO  : Registering command handlers for SDK TCF services
21:44:03 INFO  : Launching XSCT server: xsct.bat -interactive E:\Users\Docs\2.Vivado_projects\ArtyA7_SDcard_readwrite\ArtyA7_SDcard_readwrite.sdk\temp_xsdb_launch_script.tcl
21:44:10 INFO  : XSCT server has started successfully.
21:44:15 INFO  : Successfully done setting XSCT server connection channel  
21:44:15 INFO  : Processing command line option -hwspec E:/Users/Docs/2.Vivado_projects/ArtyA7_SDcard_readwrite/ArtyA7_SDcard_readwrite.sdk/design_1_wrapper.hdf.
21:44:23 INFO  : Successfully done setting SDK workspace  
21:44:24 INFO  : Checking for hwspec changes in the project design_1_wrapper_hw_platform_0.
19:01:06 INFO  : Registering command handlers for SDK TCF services
19:01:08 INFO  : Launching XSCT server: xsct.bat -interactive E:\Users\Docs\2.Vivado_projects\ArtyA7_SDcard_readwrite\ArtyA7_SDcard_readwrite.sdk\temp_xsdb_launch_script.tcl
19:01:15 INFO  : XSCT server has started successfully.
19:01:18 INFO  : Successfully done setting XSCT server connection channel  
19:01:18 INFO  : Successfully done setting SDK workspace  
19:01:19 INFO  : Processing command line option -hwspec E:/Users/Docs/2.Vivado_projects/ArtyA7_SDcard_readwrite/ArtyA7_SDcard_readwrite.sdk/design_1_wrapper.hdf.
19:01:19 INFO  : Checking for hwspec changes in the project design_1_wrapper_hw_platform_0.
21:31:36 INFO  : 'targets -set -filter {jtag_cable_name =~ "Digilent Arty A7-35T 210319AB587BA" && level==0} -index 0' command is executed.
21:31:36 INFO  : 'fpga -state' command is executed.
21:31:36 INFO  : Connected to target on host '127.0.0.1' and port '3121'.
21:31:36 INFO  : Jtag cable 'Digilent Arty A7-35T 210319AB587BA' is selected.
21:31:36 INFO  : 'jtag frequency' command is executed.
21:31:36 INFO  : 'configparams mdm-detect-bscan-mask 2' command is executed.
21:31:36 INFO  : Context for processor 'microblaze_0' is selected.
21:31:36 INFO  : Processor reset is completed for 'microblaze_0'.
21:31:36 INFO  : Context for processor 'microblaze_0' is selected.
21:31:37 INFO  : The application 'E:/Users/Docs/2.Vivado_projects/ArtyA7_SDcard_readwrite/ArtyA7_SDcard_readwrite.sdk/sdcard_rw/Debug/sdcard_rw.elf' is downloaded to processor 'microblaze_0'.
21:31:37 INFO  : ----------------XSDB Script----------------
connect -url tcp:127.0.0.1:3121
configparams mdm-detect-bscan-mask 2
targets -set -nocase -filter {name =~ "microblaze*#0" && bscan=="USER2"  && jtag_cable_name =~ "Digilent Arty A7-35T 210319AB587BA"} -index 0
rst -processor
targets -set -nocase -filter {name =~ "microblaze*#0" && bscan=="USER2"  && jtag_cable_name =~ "Digilent Arty A7-35T 210319AB587BA"} -index 0
dow E:/Users/Docs/2.Vivado_projects/ArtyA7_SDcard_readwrite/ArtyA7_SDcard_readwrite.sdk/sdcard_rw/Debug/sdcard_rw.elf
----------------End of Script----------------

21:31:38 INFO  : Memory regions updated for context PA
21:31:38 INFO  : Memory regions updated for context MicroBlaze Debug Module at USER2
21:31:38 INFO  : Context for processor 'microblaze_0' is selected.
21:31:38 INFO  : 'con' command is executed.
21:31:38 INFO  : ----------------XSDB Script (After Launch)----------------
targets -set -nocase -filter {name =~ "microblaze*#0" && bscan=="USER2"  && jtag_cable_name =~ "Digilent Arty A7-35T 210319AB587BA"} -index 0
con
----------------End of Script----------------

21:31:38 INFO  : Launch script is exported to file 'E:\Users\Docs\2.Vivado_projects\ArtyA7_SDcard_readwrite\ArtyA7_SDcard_readwrite.sdk\.sdk\launch_scripts\xilinx_c-c++_application_(system_debugger)\system_debugger_using_debug_sdcard_rw.elf_on_local.tcl'
21:32:20 INFO  : Connected to target on host '127.0.0.1' and port '3121'.
21:32:21 INFO  : 'targets -set -filter {jtag_cable_name =~ "Digilent Arty A7-35T 210319AB587BA" && level==0} -index 0' command is executed.
21:32:22 INFO  : FPGA configured successfully with bitstream "E:/Users/Docs/2.Vivado_projects/ArtyA7_SDcard_readwrite/ArtyA7_SDcard_readwrite.sdk/design_1_wrapper_hw_platform_0/download.bit"
21:32:39 INFO  : Disconnected from the channel tcfchan#1.
21:32:40 INFO  : 'targets -set -filter {jtag_cable_name =~ "Digilent Arty A7-35T 210319AB587BA" && level==0} -index 0' command is executed.
21:32:40 INFO  : 'fpga -state' command is executed.
21:32:40 INFO  : Connected to target on host '127.0.0.1' and port '3121'.
21:32:40 INFO  : Jtag cable 'Digilent Arty A7-35T 210319AB587BA' is selected.
21:32:40 INFO  : 'jtag frequency' command is executed.
21:32:40 INFO  : 'configparams mdm-detect-bscan-mask 2' command is executed.
21:32:40 INFO  : Context for processor 'microblaze_0' is selected.
21:32:40 INFO  : Processor reset is completed for 'microblaze_0'.
21:32:40 INFO  : Context for processor 'microblaze_0' is selected.
21:32:41 INFO  : The application 'E:/Users/Docs/2.Vivado_projects/ArtyA7_SDcard_readwrite/ArtyA7_SDcard_readwrite.sdk/sdcard_rw/Debug/sdcard_rw.elf' is downloaded to processor 'microblaze_0'.
21:32:41 INFO  : ----------------XSDB Script----------------
connect -url tcp:127.0.0.1:3121
configparams mdm-detect-bscan-mask 2
targets -set -nocase -filter {name =~ "microblaze*#0" && bscan=="USER2"  && jtag_cable_name =~ "Digilent Arty A7-35T 210319AB587BA"} -index 0
rst -processor
targets -set -nocase -filter {name =~ "microblaze*#0" && bscan=="USER2"  && jtag_cable_name =~ "Digilent Arty A7-35T 210319AB587BA"} -index 0
dow E:/Users/Docs/2.Vivado_projects/ArtyA7_SDcard_readwrite/ArtyA7_SDcard_readwrite.sdk/sdcard_rw/Debug/sdcard_rw.elf
----------------End of Script----------------

21:32:41 INFO  : Memory regions updated for context PA
21:32:41 INFO  : Memory regions updated for context MicroBlaze Debug Module at USER2
21:32:41 INFO  : Context for processor 'microblaze_0' is selected.
21:32:41 INFO  : 'con' command is executed.
21:32:41 INFO  : ----------------XSDB Script (After Launch)----------------
targets -set -nocase -filter {name =~ "microblaze*#0" && bscan=="USER2"  && jtag_cable_name =~ "Digilent Arty A7-35T 210319AB587BA"} -index 0
con
----------------End of Script----------------

21:32:41 INFO  : Launch script is exported to file 'E:\Users\Docs\2.Vivado_projects\ArtyA7_SDcard_readwrite\ArtyA7_SDcard_readwrite.sdk\.sdk\launch_scripts\xilinx_c-c++_application_(system_debugger)\system_debugger_using_debug_sdcard_rw.elf_on_local.tcl'
21:37:30 INFO  : Disconnected from the channel tcfchan#2.
21:37:31 INFO  : 'targets -set -filter {jtag_cable_name =~ "Digilent Arty A7-35T 210319AB587BA" && level==0} -index 0' command is executed.
21:37:31 INFO  : 'fpga -state' command is executed.
21:37:31 INFO  : Connected to target on host '127.0.0.1' and port '3121'.
21:37:31 INFO  : Jtag cable 'Digilent Arty A7-35T 210319AB587BA' is selected.
21:37:31 INFO  : 'jtag frequency' command is executed.
21:37:31 INFO  : 'configparams mdm-detect-bscan-mask 2' command is executed.
21:37:31 INFO  : Context for processor 'microblaze_0' is selected.
21:37:32 INFO  : Processor reset is completed for 'microblaze_0'.
21:37:32 INFO  : Context for processor 'microblaze_0' is selected.
21:37:33 INFO  : The application 'E:/Users/Docs/2.Vivado_projects/ArtyA7_SDcard_readwrite/ArtyA7_SDcard_readwrite.sdk/sdcard_rw/Debug/sdcard_rw.elf' is downloaded to processor 'microblaze_0'.
21:37:33 INFO  : ----------------XSDB Script----------------
connect -url tcp:127.0.0.1:3121
configparams mdm-detect-bscan-mask 2
targets -set -nocase -filter {name =~ "microblaze*#0" && bscan=="USER2"  && jtag_cable_name =~ "Digilent Arty A7-35T 210319AB587BA"} -index 0
rst -processor
targets -set -nocase -filter {name =~ "microblaze*#0" && bscan=="USER2"  && jtag_cable_name =~ "Digilent Arty A7-35T 210319AB587BA"} -index 0
dow E:/Users/Docs/2.Vivado_projects/ArtyA7_SDcard_readwrite/ArtyA7_SDcard_readwrite.sdk/sdcard_rw/Debug/sdcard_rw.elf
----------------End of Script----------------

21:37:33 INFO  : Memory regions updated for context PA
21:37:33 INFO  : Memory regions updated for context MicroBlaze Debug Module at USER2
21:37:33 INFO  : Context for processor 'microblaze_0' is selected.
21:37:33 INFO  : 'con' command is executed.
21:37:33 INFO  : ----------------XSDB Script (After Launch)----------------
targets -set -nocase -filter {name =~ "microblaze*#0" && bscan=="USER2"  && jtag_cable_name =~ "Digilent Arty A7-35T 210319AB587BA"} -index 0
con
----------------End of Script----------------

21:37:33 INFO  : Launch script is exported to file 'E:\Users\Docs\2.Vivado_projects\ArtyA7_SDcard_readwrite\ArtyA7_SDcard_readwrite.sdk\.sdk\launch_scripts\xilinx_c-c++_application_(system_debugger)\system_debugger_using_debug_sdcard_rw.elf_on_local.tcl'
22:10:27 INFO  : Disconnected from the channel tcfchan#3.
22:10:28 INFO  : 'targets -set -filter {jtag_cable_name =~ "Digilent Arty A7-35T 210319AB587BA" && level==0} -index 0' command is executed.
22:10:28 INFO  : 'fpga -state' command is executed.
22:10:28 INFO  : Connected to target on host '127.0.0.1' and port '3121'.
22:10:29 INFO  : Jtag cable 'Digilent Arty A7-35T 210319AB587BA' is selected.
22:10:29 INFO  : 'jtag frequency' command is executed.
22:10:29 INFO  : 'configparams mdm-detect-bscan-mask 2' command is executed.
22:10:29 INFO  : Context for processor 'microblaze_0' is selected.
22:10:29 INFO  : Processor reset is completed for 'microblaze_0'.
22:10:29 INFO  : Context for processor 'microblaze_0' is selected.
22:10:30 INFO  : The application 'E:/Users/Docs/2.Vivado_projects/ArtyA7_SDcard_readwrite/ArtyA7_SDcard_readwrite.sdk/sd_to_ram/Debug/sd_to_ram.elf' is downloaded to processor 'microblaze_0'.
22:10:30 INFO  : ----------------XSDB Script----------------
connect -url tcp:127.0.0.1:3121
configparams mdm-detect-bscan-mask 2
targets -set -nocase -filter {name =~ "microblaze*#0" && bscan=="USER2"  && jtag_cable_name =~ "Digilent Arty A7-35T 210319AB587BA"} -index 0
rst -processor
targets -set -nocase -filter {name =~ "microblaze*#0" && bscan=="USER2"  && jtag_cable_name =~ "Digilent Arty A7-35T 210319AB587BA"} -index 0
dow E:/Users/Docs/2.Vivado_projects/ArtyA7_SDcard_readwrite/ArtyA7_SDcard_readwrite.sdk/sd_to_ram/Debug/sd_to_ram.elf
----------------End of Script----------------

22:10:30 INFO  : Memory regions updated for context PA
22:10:30 INFO  : Memory regions updated for context MicroBlaze Debug Module at USER2
22:10:30 INFO  : Context for processor 'microblaze_0' is selected.
22:10:30 INFO  : 'con' command is executed.
22:10:30 INFO  : ----------------XSDB Script (After Launch)----------------
targets -set -nocase -filter {name =~ "microblaze*#0" && bscan=="USER2"  && jtag_cable_name =~ "Digilent Arty A7-35T 210319AB587BA"} -index 0
con
----------------End of Script----------------

22:10:30 INFO  : Launch script is exported to file 'E:\Users\Docs\2.Vivado_projects\ArtyA7_SDcard_readwrite\ArtyA7_SDcard_readwrite.sdk\.sdk\launch_scripts\xilinx_c-c++_application_(system_debugger)\system_debugger_using_debug_sd_to_ram.elf_on_local.tcl'
22:11:04 INFO  : Connected to target on host '127.0.0.1' and port '3121'.
22:11:05 INFO  : 'targets -set -filter {jtag_cable_name =~ "Digilent Arty A7-35T 210319AB587BA" && level==0} -index 0' command is executed.
22:11:06 INFO  : FPGA configured successfully with bitstream "E:/Users/Docs/2.Vivado_projects/ArtyA7_SDcard_readwrite/ArtyA7_SDcard_readwrite.sdk/design_1_wrapper_hw_platform_0/download.bit"
22:11:28 INFO  : Disconnected from the channel tcfchan#4.
22:11:29 INFO  : 'targets -set -filter {jtag_cable_name =~ "Digilent Arty A7-35T 210319AB587BA" && level==0} -index 0' command is executed.
22:11:29 INFO  : 'fpga -state' command is executed.
22:11:29 INFO  : Connected to target on host '127.0.0.1' and port '3121'.
22:11:30 INFO  : Jtag cable 'Digilent Arty A7-35T 210319AB587BA' is selected.
22:11:30 INFO  : 'jtag frequency' command is executed.
22:11:30 INFO  : 'configparams mdm-detect-bscan-mask 2' command is executed.
22:11:30 INFO  : Context for processor 'microblaze_0' is selected.
22:11:30 INFO  : Processor reset is completed for 'microblaze_0'.
22:11:30 INFO  : Context for processor 'microblaze_0' is selected.
22:11:31 INFO  : The application 'E:/Users/Docs/2.Vivado_projects/ArtyA7_SDcard_readwrite/ArtyA7_SDcard_readwrite.sdk/sd_to_ram/Debug/sd_to_ram.elf' is downloaded to processor 'microblaze_0'.
22:11:31 INFO  : ----------------XSDB Script----------------
connect -url tcp:127.0.0.1:3121
configparams mdm-detect-bscan-mask 2
targets -set -nocase -filter {name =~ "microblaze*#0" && bscan=="USER2"  && jtag_cable_name =~ "Digilent Arty A7-35T 210319AB587BA"} -index 0
rst -processor
targets -set -nocase -filter {name =~ "microblaze*#0" && bscan=="USER2"  && jtag_cable_name =~ "Digilent Arty A7-35T 210319AB587BA"} -index 0
dow E:/Users/Docs/2.Vivado_projects/ArtyA7_SDcard_readwrite/ArtyA7_SDcard_readwrite.sdk/sd_to_ram/Debug/sd_to_ram.elf
----------------End of Script----------------

22:11:31 INFO  : Memory regions updated for context PA
22:11:31 INFO  : Memory regions updated for context MicroBlaze Debug Module at USER2
22:11:31 INFO  : Context for processor 'microblaze_0' is selected.
22:11:31 INFO  : 'con' command is executed.
22:11:31 INFO  : ----------------XSDB Script (After Launch)----------------
targets -set -nocase -filter {name =~ "microblaze*#0" && bscan=="USER2"  && jtag_cable_name =~ "Digilent Arty A7-35T 210319AB587BA"} -index 0
con
----------------End of Script----------------

22:11:31 INFO  : Launch script is exported to file 'E:\Users\Docs\2.Vivado_projects\ArtyA7_SDcard_readwrite\ArtyA7_SDcard_readwrite.sdk\.sdk\launch_scripts\xilinx_c-c++_application_(system_debugger)\system_debugger_using_debug_sd_to_ram.elf_on_local.tcl'
22:11:58 INFO  : Disconnected from the channel tcfchan#5.
22:11:59 INFO  : 'targets -set -filter {jtag_cable_name =~ "Digilent Arty A7-35T 210319AB587BA" && level==0} -index 0' command is executed.
22:11:59 INFO  : 'fpga -state' command is executed.
22:11:59 INFO  : Connected to target on host '127.0.0.1' and port '3121'.
22:12:00 INFO  : Jtag cable 'Digilent Arty A7-35T 210319AB587BA' is selected.
22:12:00 INFO  : 'jtag frequency' command is executed.
22:12:00 INFO  : 'configparams mdm-detect-bscan-mask 2' command is executed.
22:12:00 INFO  : Context for processor 'microblaze_0' is selected.
22:12:00 INFO  : Processor reset is completed for 'microblaze_0'.
22:12:00 INFO  : Context for processor 'microblaze_0' is selected.
22:12:01 INFO  : The application 'E:/Users/Docs/2.Vivado_projects/ArtyA7_SDcard_readwrite/ArtyA7_SDcard_readwrite.sdk/sd_to_ram/Debug/sd_to_ram.elf' is downloaded to processor 'microblaze_0'.
22:12:01 INFO  : ----------------XSDB Script----------------
connect -url tcp:127.0.0.1:3121
configparams mdm-detect-bscan-mask 2
targets -set -nocase -filter {name =~ "microblaze*#0" && bscan=="USER2"  && jtag_cable_name =~ "Digilent Arty A7-35T 210319AB587BA"} -index 0
rst -processor
targets -set -nocase -filter {name =~ "microblaze*#0" && bscan=="USER2"  && jtag_cable_name =~ "Digilent Arty A7-35T 210319AB587BA"} -index 0
dow E:/Users/Docs/2.Vivado_projects/ArtyA7_SDcard_readwrite/ArtyA7_SDcard_readwrite.sdk/sd_to_ram/Debug/sd_to_ram.elf
----------------End of Script----------------

22:12:01 INFO  : Memory regions updated for context PA
22:12:01 INFO  : Memory regions updated for context MicroBlaze Debug Module at USER2
22:12:01 INFO  : Context for processor 'microblaze_0' is selected.
22:12:01 INFO  : 'con' command is executed.
22:12:01 INFO  : ----------------XSDB Script (After Launch)----------------
targets -set -nocase -filter {name =~ "microblaze*#0" && bscan=="USER2"  && jtag_cable_name =~ "Digilent Arty A7-35T 210319AB587BA"} -index 0
con
----------------End of Script----------------

22:12:01 INFO  : Launch script is exported to file 'E:\Users\Docs\2.Vivado_projects\ArtyA7_SDcard_readwrite\ArtyA7_SDcard_readwrite.sdk\.sdk\launch_scripts\xilinx_c-c++_application_(system_debugger)\system_debugger_using_debug_sd_to_ram.elf_on_local.tcl'
22:22:44 INFO  : Disconnected from the channel tcfchan#6.
18:21:55 INFO  : Launching XSCT server: xsct.bat -interactive E:\Users\Docs\2.Vivado_projects\ArtyA7_SDcard_readwrite\ArtyA7_SDcard_readwrite.sdk\temp_xsdb_launch_script.tcl
18:22:01 INFO  : XSCT server has started successfully.
18:22:12 INFO  : Successfully done setting XSCT server connection channel  
18:22:12 INFO  : Successfully done setting SDK workspace  
18:22:18 INFO  : Registering command handlers for SDK TCF services
18:22:20 INFO  : Processing command line option -hwspec E:/Users/Docs/2.Vivado_projects/ArtyA7_SDcard_readwrite/ArtyA7_SDcard_readwrite.sdk/design_1_wrapper.hdf.
18:22:20 INFO  : Checking for hwspec changes in the project design_1_wrapper_hw_platform_0.
18:22:20 INFO  : SDK has detected change in the last modified timestamps for source hardware specification file Source:1567041516698,  Project:1565724744676
18:22:20 INFO  : The hardware specification for project 'design_1_wrapper_hw_platform_0' is different from E:/Users/Docs/2.Vivado_projects/ArtyA7_SDcard_readwrite/ArtyA7_SDcard_readwrite.sdk/design_1_wrapper.hdf.
18:22:20 INFO  : Copied contents of E:/Users/Docs/2.Vivado_projects/ArtyA7_SDcard_readwrite/ArtyA7_SDcard_readwrite.sdk/design_1_wrapper.hdf into \design_1_wrapper_hw_platform_0\system.hdf.
18:22:21 INFO  : Synchronizing projects in the workspace with the hardware platform specification changes.
18:22:31 INFO  : 
18:22:32 INFO  : Updating hardware inferred compiler options for sd_to_ram.
18:22:32 INFO  : Clearing existing target manager status.
