#-----------------------------------------------------------
# Webtalk v2018.3 (64-bit)
# SW Build 2405991 on Thu Dec  6 23:38:27 MST 2018
# 
# Start of session at: Fri Aug 16 22:22:47 2019
# Process ID: 14700
# Current directory: E:/Users/Docs/2.Vivado_projects/ArtyA7_SDcard_readwrite/ArtyA7_SDcard_readwrite.sdk/webtalk
# Command line: wbtcv.exe -mode batch -source sdk_webtalk.tcl
# Log file: E:/Users/Docs/2.Vivado_projects/ArtyA7_SDcard_readwrite/ArtyA7_SDcard_readwrite.sdk/webtalk/webtalk.log
# Journal file: E:/Users/Docs/2.Vivado_projects/ArtyA7_SDcard_readwrite/ArtyA7_SDcard_readwrite.sdk/webtalk\webtalk.jou
#-----------------------------------------------------------
source sdk_webtalk.tcl
# webtalk_init -webtalk_dir E:\\Users\\Docs\\2.Vivado_projects\\ArtyA7_SDcard_readwrite\\ArtyA7_SDcard_readwrite.sdk\\webtalk
# webtalk_register_client -client project
# webtalk_add_data -client project -key date_generated -value "2019-08-16 22:22:43" -context "software_version_and_target_device"
# webtalk_add_data -client project -key product_version -value "SDK v2018.3" -context "software_version_and_target_device"
# webtalk_add_data -client project -key build_version -value "2018.3" -context "software_version_and_target_device"
# webtalk_add_data -client project -key os_platform -value "amd64" -context "software_version_and_target_device"
# webtalk_add_data -client project -key registration_id -value "211728075_0_0_163" -context "software_version_and_target_device"
# webtalk_add_data -client project -key tool_flow -value "SDK" -context "software_version_and_target_device"
# webtalk_add_data -client project -key beta -value "false" -context "software_version_and_target_device"
# webtalk_add_data -client project -key route_design -value "NA" -context "software_version_and_target_device"
# webtalk_add_data -client project -key target_family -value "NA" -context "software_version_and_target_device"
# webtalk_add_data -client project -key target_device -value "NA" -context "software_version_and_target_device"
# webtalk_add_data -client project -key target_package -value "NA" -context "software_version_and_target_device"
# webtalk_add_data -client project -key target_speed -value "NA" -context "software_version_and_target_device"
# webtalk_add_data -client project -key random_id -value "vme1lilo1b0bctjahirsfg2ufk" -context "software_version_and_target_device"
# webtalk_add_data -client project -key project_id -value "2018.3_9" -context "software_version_and_target_device"
# webtalk_add_data -client project -key project_iteration -value "9" -context "software_version_and_target_device"
# webtalk_add_data -client project -key os_name -value "Microsoft Windows 8 or later , 64-bit" -context "user_environment"
# webtalk_add_data -client project -key os_release -value "major release  (build 9200)" -context "user_environment"
# webtalk_add_data -client project -key cpu_name -value "Intel(R) Core(TM) i5-6300HQ CPU @ 2.30GHz" -context "user_environment"
# webtalk_add_data -client project -key cpu_speed -value "2304 MHz" -context "user_environment"
# webtalk_add_data -client project -key total_processors -value "1" -context "user_environment"
# webtalk_add_data -client project -key system_ram -value "8.460 GB" -context "user_environment"
# webtalk_register_client -client sdk
# webtalk_add_data -client sdk -key uid -value "1566007443235" -context "sdk\\\\bsp/1566007443235"
# webtalk_add_data -client sdk -key hwid -value "1565724981892" -context "sdk\\\\bsp/1566007443235"
# webtalk_add_data -client sdk -key os -value "standalone" -context "sdk\\\\bsp/1566007443235"
# webtalk_add_data -client sdk -key apptemplate -value "empty_application" -context "sdk\\\\bsp/1566007443235"
# webtalk_add_data -client sdk -key RecordType -value "BSPCreation" -context "sdk\\\\bsp/1566007443235"
# webtalk_add_data -client sdk -key uid -value "1566007452583" -context "sdk\\\\application/1566007452583"
# webtalk_add_data -client sdk -key hwid -value "1565724981892" -context "sdk\\\\application/1566007452583"
# webtalk_add_data -client sdk -key bspid -value "1566007443235" -context "sdk\\\\application/1566007452583"
# webtalk_add_data -client sdk -key newbsp -value "true" -context "sdk\\\\application/1566007452583"
# webtalk_add_data -client sdk -key os -value "standalone" -context "sdk\\\\application/1566007452583"
# webtalk_add_data -client sdk -key apptemplate -value "empty_application" -context "sdk\\\\application/1566007452583"
# webtalk_add_data -client sdk -key RecordType -value "APPCreation" -context "sdk\\\\application/1566007452583"
# webtalk_add_data -client sdk -key LangUsed -value "CPP" -context "sdk\\\\application/1566007452583"
# webtalk_add_data -client sdk -key Procused -value "microblaze" -context "sdk\\\\application/1566007452583"
# webtalk_add_data -client sdk -key projSize -value "684.5703125" -context "sdk\\\\application/1566007452583"
# webtalk_add_data -client sdk -key uid -value "NA" -context "sdk\\\\bsp/1566019363765"
# webtalk_add_data -client sdk -key RecordType -value "ToolUsage" -context "sdk\\\\bsp/1566019363765"
# webtalk_add_data -client sdk -key BootgenCount -value "0" -context "sdk\\\\bsp/1566019363765"
# webtalk_add_data -client sdk -key DebugCount -value "7" -context "sdk\\\\bsp/1566019363765"
# webtalk_add_data -client sdk -key PerfCount -value "0" -context "sdk\\\\bsp/1566019363765"
# webtalk_add_data -client sdk -key FlashCount -value "0" -context "sdk\\\\bsp/1566019363765"
# webtalk_add_data -client sdk -key CrossTriggCount -value "0" -context "sdk\\\\bsp/1566019363765"
# webtalk_add_data -client sdk -key QemuDebugCount -value "0" -context "sdk\\\\bsp/1566019363765"
# webtalk_transmit -clientid 1377386253 -regid "211728075_0_0_163" -xml E:\\Users\\Docs\\2.Vivado_projects\\ArtyA7_SDcard_readwrite\\ArtyA7_SDcard_readwrite.sdk\\webtalk\\usage_statistics_ext_sdk.xml -html E:\\Users\\Docs\\2.Vivado_projects\\ArtyA7_SDcard_readwrite\\ArtyA7_SDcard_readwrite.sdk\\webtalk\\usage_statistics_ext_sdk.html -wdm E:\\Users\\Docs\\2.Vivado_projects\\ArtyA7_SDcard_readwrite\\ArtyA7_SDcard_readwrite.sdk\\webtalk\\sdk_webtalk.wdm -intro "<H3>SDK Usage Report</H3><BR>"
INFO: [Common 17-186] 'E:\Users\Docs\2.Vivado_projects\ArtyA7_SDcard_readwrite\ArtyA7_SDcard_readwrite.sdk\webtalk\usage_statistics_ext_sdk.xml' has been successfully sent to Xilinx on Fri Aug 16 22:22:51 2019. For additional details about this file, please refer to the WebTalk help file at E:/Xilinx/SDK/2018.3/doc/webtalk_introduction.html.
# webtalk_terminate
INFO: [Common 17-206] Exiting Webtalk at Fri Aug 16 22:22:51 2019...
