
*** Running vivado
    with args -log design_1_wrapper.vds -m64 -product Vivado -mode batch -messageDb vivado.pb -notrace -source design_1_wrapper.tcl


****** Vivado v2018.3 (64-bit)
  **** SW Build 2405991 on Thu Dec  6 23:38:27 MST 2018
  **** IP Build 2404404 on Fri Dec  7 01:43:56 MST 2018
    ** Copyright 1986-2018 Xilinx, Inc. All Rights Reserved.

source design_1_wrapper.tcl -notrace
INFO: [IP_Flow 19-234] Refreshing IP repositories
INFO: [IP_Flow 19-1700] Loaded user IP repository 'e:/Users/Docs/2.Vivado_projects/vivado-library'.
INFO: [IP_Flow 19-2313] Loaded Vivado IP repository 'E:/Xilinx/Vivado/2018.3/data/ip'.
update_ip_catalog: Time (s): cpu = 00:00:05 ; elapsed = 00:00:06 . Memory (MB): peak = 398.980 ; gain = 60.211
WARNING: [IP_Flow 19-4995] The host OS only allows 260 characters in a normal path. The IP cache path is more than 80 characters. If you experience issues with IP caching, please consider changing the IP cache to a location with a shorter path. Alternately consider using the OS subst command to map part of the path to a drive letter. 
Current IP cache path is e:/Users/Docs/2.Vivado_projects/ArtyA7_SDcard_readwrite/ArtyA7_SDcard_readwrite.cache/ip 
add_files: Time (s): cpu = 00:00:10 ; elapsed = 00:00:10 . Memory (MB): peak = 462.000 ; gain = 63.020
Command: synth_design -top design_1_wrapper -part xc7a35ticsg324-1L
Starting synth_design
Attempting to get a license for feature 'Synthesis' and/or device 'xc7a35ti'
INFO: [Common 17-349] Got license for feature 'Synthesis' and/or device 'xc7a35ti'
INFO: Launching helper process for spawning children vivado processes
INFO: Helper process launched with PID 11388 
---------------------------------------------------------------------------------
Starting RTL Elaboration : Time (s): cpu = 00:00:04 ; elapsed = 00:00:04 . Memory (MB): peak = 580.383 ; gain = 106.148
---------------------------------------------------------------------------------
INFO: [Synth 8-6157] synthesizing module 'design_1_wrapper' [E:/Users/Docs/2.Vivado_projects/ArtyA7_SDcard_readwrite/ArtyA7_SDcard_readwrite.srcs/sources_1/bd/design_1/hdl/design_1_wrapper.v:12]
INFO: [Synth 8-6157] synthesizing module 'design_1' [E:/Users/Docs/2.Vivado_projects/ArtyA7_SDcard_readwrite/ArtyA7_SDcard_readwrite.srcs/sources_1/bd/design_1/synth/design_1.v:13]
INFO: [Synth 8-6157] synthesizing module 'design_1_PmodSD_0_0' [E:/Users/Docs/2.Vivado_projects/ArtyA7_SDcard_readwrite/ArtyA7_SDcard_readwrite.runs/synth_1/.Xil/Vivado-5456-DESKTOP-SI7IBPD/realtime/design_1_PmodSD_0_0_stub.v:6]
INFO: [Synth 8-6155] done synthesizing module 'design_1_PmodSD_0_0' (1#1) [E:/Users/Docs/2.Vivado_projects/ArtyA7_SDcard_readwrite/ArtyA7_SDcard_readwrite.runs/synth_1/.Xil/Vivado-5456-DESKTOP-SI7IBPD/realtime/design_1_PmodSD_0_0_stub.v:6]
INFO: [Synth 8-6157] synthesizing module 'design_1_axi_gpio_0_0' [E:/Users/Docs/2.Vivado_projects/ArtyA7_SDcard_readwrite/ArtyA7_SDcard_readwrite.runs/synth_1/.Xil/Vivado-5456-DESKTOP-SI7IBPD/realtime/design_1_axi_gpio_0_0_stub.v:6]
INFO: [Synth 8-6155] done synthesizing module 'design_1_axi_gpio_0_0' (2#1) [E:/Users/Docs/2.Vivado_projects/ArtyA7_SDcard_readwrite/ArtyA7_SDcard_readwrite.runs/synth_1/.Xil/Vivado-5456-DESKTOP-SI7IBPD/realtime/design_1_axi_gpio_0_0_stub.v:6]
INFO: [Synth 8-6157] synthesizing module 'design_1_axi_smc_0' [E:/Users/Docs/2.Vivado_projects/ArtyA7_SDcard_readwrite/ArtyA7_SDcard_readwrite.runs/synth_1/.Xil/Vivado-5456-DESKTOP-SI7IBPD/realtime/design_1_axi_smc_0_stub.v:6]
INFO: [Synth 8-6155] done synthesizing module 'design_1_axi_smc_0' (3#1) [E:/Users/Docs/2.Vivado_projects/ArtyA7_SDcard_readwrite/ArtyA7_SDcard_readwrite.runs/synth_1/.Xil/Vivado-5456-DESKTOP-SI7IBPD/realtime/design_1_axi_smc_0_stub.v:6]
INFO: [Synth 8-6157] synthesizing module 'design_1_axi_uartlite_0_0' [E:/Users/Docs/2.Vivado_projects/ArtyA7_SDcard_readwrite/ArtyA7_SDcard_readwrite.runs/synth_1/.Xil/Vivado-5456-DESKTOP-SI7IBPD/realtime/design_1_axi_uartlite_0_0_stub.v:6]
INFO: [Synth 8-6155] done synthesizing module 'design_1_axi_uartlite_0_0' (4#1) [E:/Users/Docs/2.Vivado_projects/ArtyA7_SDcard_readwrite/ArtyA7_SDcard_readwrite.runs/synth_1/.Xil/Vivado-5456-DESKTOP-SI7IBPD/realtime/design_1_axi_uartlite_0_0_stub.v:6]
WARNING: [Synth 8-350] instance 'axi_uartlite_0' of module 'design_1_axi_uartlite_0_0' requires 22 connections, but only 21 given [E:/Users/Docs/2.Vivado_projects/ArtyA7_SDcard_readwrite/ArtyA7_SDcard_readwrite.srcs/sources_1/bd/design_1/synth/design_1.v:596]
INFO: [Synth 8-6157] synthesizing module 'design_1_clk_wiz_0_0' [E:/Users/Docs/2.Vivado_projects/ArtyA7_SDcard_readwrite/ArtyA7_SDcard_readwrite.runs/synth_1/.Xil/Vivado-5456-DESKTOP-SI7IBPD/realtime/design_1_clk_wiz_0_0_stub.v:5]
INFO: [Synth 8-6155] done synthesizing module 'design_1_clk_wiz_0_0' (5#1) [E:/Users/Docs/2.Vivado_projects/ArtyA7_SDcard_readwrite/ArtyA7_SDcard_readwrite.runs/synth_1/.Xil/Vivado-5456-DESKTOP-SI7IBPD/realtime/design_1_clk_wiz_0_0_stub.v:5]
WARNING: [Synth 8-350] instance 'clk_wiz_0' of module 'design_1_clk_wiz_0_0' requires 5 connections, but only 4 given [E:/Users/Docs/2.Vivado_projects/ArtyA7_SDcard_readwrite/ArtyA7_SDcard_readwrite.srcs/sources_1/bd/design_1/synth/design_1.v:618]
INFO: [Synth 8-6157] synthesizing module 'design_1_mdm_1_0' [E:/Users/Docs/2.Vivado_projects/ArtyA7_SDcard_readwrite/ArtyA7_SDcard_readwrite.runs/synth_1/.Xil/Vivado-5456-DESKTOP-SI7IBPD/realtime/design_1_mdm_1_0_stub.v:6]
INFO: [Synth 8-6155] done synthesizing module 'design_1_mdm_1_0' (6#1) [E:/Users/Docs/2.Vivado_projects/ArtyA7_SDcard_readwrite/ArtyA7_SDcard_readwrite.runs/synth_1/.Xil/Vivado-5456-DESKTOP-SI7IBPD/realtime/design_1_mdm_1_0_stub.v:6]
INFO: [Synth 8-6157] synthesizing module 'design_1_microblaze_0_0' [E:/Users/Docs/2.Vivado_projects/ArtyA7_SDcard_readwrite/ArtyA7_SDcard_readwrite.runs/synth_1/.Xil/Vivado-5456-DESKTOP-SI7IBPD/realtime/design_1_microblaze_0_0_stub.v:6]
INFO: [Synth 8-6155] done synthesizing module 'design_1_microblaze_0_0' (7#1) [E:/Users/Docs/2.Vivado_projects/ArtyA7_SDcard_readwrite/ArtyA7_SDcard_readwrite.runs/synth_1/.Xil/Vivado-5456-DESKTOP-SI7IBPD/realtime/design_1_microblaze_0_0_stub.v:6]
WARNING: [Synth 8-350] instance 'microblaze_0' of module 'design_1_microblaze_0_0' requires 126 connections, but only 108 given [E:/Users/Docs/2.Vivado_projects/ArtyA7_SDcard_readwrite/ArtyA7_SDcard_readwrite.srcs/sources_1/bd/design_1/synth/design_1.v:636]
INFO: [Synth 8-6157] synthesizing module 'design_1_microblaze_0_axi_intc_0' [E:/Users/Docs/2.Vivado_projects/ArtyA7_SDcard_readwrite/ArtyA7_SDcard_readwrite.runs/synth_1/.Xil/Vivado-5456-DESKTOP-SI7IBPD/realtime/design_1_microblaze_0_axi_intc_0_stub.v:6]
INFO: [Synth 8-6155] done synthesizing module 'design_1_microblaze_0_axi_intc_0' (8#1) [E:/Users/Docs/2.Vivado_projects/ArtyA7_SDcard_readwrite/ArtyA7_SDcard_readwrite.runs/synth_1/.Xil/Vivado-5456-DESKTOP-SI7IBPD/realtime/design_1_microblaze_0_axi_intc_0_stub.v:6]
INFO: [Synth 8-6157] synthesizing module 'design_1_microblaze_0_axi_periph_0' [E:/Users/Docs/2.Vivado_projects/ArtyA7_SDcard_readwrite/ArtyA7_SDcard_readwrite.srcs/sources_1/bd/design_1/synth/design_1.v:985]
INFO: [Synth 8-6157] synthesizing module 'm00_couplers_imp_8RVYHO' [E:/Users/Docs/2.Vivado_projects/ArtyA7_SDcard_readwrite/ArtyA7_SDcard_readwrite.srcs/sources_1/bd/design_1/synth/design_1.v:1819]
INFO: [Synth 8-6155] done synthesizing module 'm00_couplers_imp_8RVYHO' (9#1) [E:/Users/Docs/2.Vivado_projects/ArtyA7_SDcard_readwrite/ArtyA7_SDcard_readwrite.srcs/sources_1/bd/design_1/synth/design_1.v:1819]
INFO: [Synth 8-6157] synthesizing module 'm01_couplers_imp_1UTB3Y5' [E:/Users/Docs/2.Vivado_projects/ArtyA7_SDcard_readwrite/ArtyA7_SDcard_readwrite.srcs/sources_1/bd/design_1/synth/design_1.v:1951]
INFO: [Synth 8-6155] done synthesizing module 'm01_couplers_imp_1UTB3Y5' (10#1) [E:/Users/Docs/2.Vivado_projects/ArtyA7_SDcard_readwrite/ArtyA7_SDcard_readwrite.srcs/sources_1/bd/design_1/synth/design_1.v:1951]
INFO: [Synth 8-6157] synthesizing module 'm02_couplers_imp_7ANRHB' [E:/Users/Docs/2.Vivado_projects/ArtyA7_SDcard_readwrite/ArtyA7_SDcard_readwrite.srcs/sources_1/bd/design_1/synth/design_1.v:2083]
INFO: [Synth 8-6155] done synthesizing module 'm02_couplers_imp_7ANRHB' (11#1) [E:/Users/Docs/2.Vivado_projects/ArtyA7_SDcard_readwrite/ArtyA7_SDcard_readwrite.srcs/sources_1/bd/design_1/synth/design_1.v:2083]
INFO: [Synth 8-6157] synthesizing module 'm03_couplers_imp_1W07O72' [E:/Users/Docs/2.Vivado_projects/ArtyA7_SDcard_readwrite/ArtyA7_SDcard_readwrite.srcs/sources_1/bd/design_1/synth/design_1.v:2215]
INFO: [Synth 8-6155] done synthesizing module 'm03_couplers_imp_1W07O72' (12#1) [E:/Users/Docs/2.Vivado_projects/ArtyA7_SDcard_readwrite/ArtyA7_SDcard_readwrite.srcs/sources_1/bd/design_1/synth/design_1.v:2215]
INFO: [Synth 8-6157] synthesizing module 'm04_couplers_imp_5LX7BU' [E:/Users/Docs/2.Vivado_projects/ArtyA7_SDcard_readwrite/ArtyA7_SDcard_readwrite.srcs/sources_1/bd/design_1/synth/design_1.v:2347]
INFO: [Synth 8-6155] done synthesizing module 'm04_couplers_imp_5LX7BU' (13#1) [E:/Users/Docs/2.Vivado_projects/ArtyA7_SDcard_readwrite/ArtyA7_SDcard_readwrite.srcs/sources_1/bd/design_1/synth/design_1.v:2347]
INFO: [Synth 8-6157] synthesizing module 's00_couplers_imp_1RZP34U' [E:/Users/Docs/2.Vivado_projects/ArtyA7_SDcard_readwrite/ArtyA7_SDcard_readwrite.srcs/sources_1/bd/design_1/synth/design_1.v:2713]
INFO: [Synth 8-6155] done synthesizing module 's00_couplers_imp_1RZP34U' (14#1) [E:/Users/Docs/2.Vivado_projects/ArtyA7_SDcard_readwrite/ArtyA7_SDcard_readwrite.srcs/sources_1/bd/design_1/synth/design_1.v:2713]
INFO: [Synth 8-6157] synthesizing module 'design_1_xbar_0' [E:/Users/Docs/2.Vivado_projects/ArtyA7_SDcard_readwrite/ArtyA7_SDcard_readwrite.runs/synth_1/.Xil/Vivado-5456-DESKTOP-SI7IBPD/realtime/design_1_xbar_0_stub.v:6]
INFO: [Synth 8-6155] done synthesizing module 'design_1_xbar_0' (15#1) [E:/Users/Docs/2.Vivado_projects/ArtyA7_SDcard_readwrite/ArtyA7_SDcard_readwrite.runs/synth_1/.Xil/Vivado-5456-DESKTOP-SI7IBPD/realtime/design_1_xbar_0_stub.v:6]
WARNING: [Synth 8-350] instance 'xbar' of module 'design_1_xbar_0' requires 40 connections, but only 38 given [E:/Users/Docs/2.Vivado_projects/ArtyA7_SDcard_readwrite/ArtyA7_SDcard_readwrite.srcs/sources_1/bd/design_1/synth/design_1.v:1778]
INFO: [Synth 8-6155] done synthesizing module 'design_1_microblaze_0_axi_periph_0' (16#1) [E:/Users/Docs/2.Vivado_projects/ArtyA7_SDcard_readwrite/ArtyA7_SDcard_readwrite.srcs/sources_1/bd/design_1/synth/design_1.v:985]
INFO: [Synth 8-6157] synthesizing module 'microblaze_0_local_memory_imp_1K0VQXK' [E:/Users/Docs/2.Vivado_projects/ArtyA7_SDcard_readwrite/ArtyA7_SDcard_readwrite.srcs/sources_1/bd/design_1/synth/design_1.v:2479]
INFO: [Synth 8-6157] synthesizing module 'design_1_dlmb_bram_if_cntlr_0' [E:/Users/Docs/2.Vivado_projects/ArtyA7_SDcard_readwrite/ArtyA7_SDcard_readwrite.runs/synth_1/.Xil/Vivado-5456-DESKTOP-SI7IBPD/realtime/design_1_dlmb_bram_if_cntlr_0_stub.v:6]
INFO: [Synth 8-6155] done synthesizing module 'design_1_dlmb_bram_if_cntlr_0' (17#1) [E:/Users/Docs/2.Vivado_projects/ArtyA7_SDcard_readwrite/ArtyA7_SDcard_readwrite.runs/synth_1/.Xil/Vivado-5456-DESKTOP-SI7IBPD/realtime/design_1_dlmb_bram_if_cntlr_0_stub.v:6]
INFO: [Synth 8-6157] synthesizing module 'design_1_dlmb_v10_0' [E:/Users/Docs/2.Vivado_projects/ArtyA7_SDcard_readwrite/ArtyA7_SDcard_readwrite.runs/synth_1/.Xil/Vivado-5456-DESKTOP-SI7IBPD/realtime/design_1_dlmb_v10_0_stub.v:6]
INFO: [Synth 8-6155] done synthesizing module 'design_1_dlmb_v10_0' (18#1) [E:/Users/Docs/2.Vivado_projects/ArtyA7_SDcard_readwrite/ArtyA7_SDcard_readwrite.runs/synth_1/.Xil/Vivado-5456-DESKTOP-SI7IBPD/realtime/design_1_dlmb_v10_0_stub.v:6]
WARNING: [Synth 8-350] instance 'dlmb_v10' of module 'design_1_dlmb_v10_0' requires 25 connections, but only 24 given [E:/Users/Docs/2.Vivado_projects/ArtyA7_SDcard_readwrite/ArtyA7_SDcard_readwrite.srcs/sources_1/bd/design_1/synth/design_1.v:2625]
INFO: [Synth 8-6157] synthesizing module 'design_1_ilmb_bram_if_cntlr_0' [E:/Users/Docs/2.Vivado_projects/ArtyA7_SDcard_readwrite/ArtyA7_SDcard_readwrite.runs/synth_1/.Xil/Vivado-5456-DESKTOP-SI7IBPD/realtime/design_1_ilmb_bram_if_cntlr_0_stub.v:6]
INFO: [Synth 8-6155] done synthesizing module 'design_1_ilmb_bram_if_cntlr_0' (19#1) [E:/Users/Docs/2.Vivado_projects/ArtyA7_SDcard_readwrite/ArtyA7_SDcard_readwrite.runs/synth_1/.Xil/Vivado-5456-DESKTOP-SI7IBPD/realtime/design_1_ilmb_bram_if_cntlr_0_stub.v:6]
INFO: [Synth 8-6157] synthesizing module 'design_1_ilmb_v10_0' [E:/Users/Docs/2.Vivado_projects/ArtyA7_SDcard_readwrite/ArtyA7_SDcard_readwrite.runs/synth_1/.Xil/Vivado-5456-DESKTOP-SI7IBPD/realtime/design_1_ilmb_v10_0_stub.v:6]
INFO: [Synth 8-6155] done synthesizing module 'design_1_ilmb_v10_0' (20#1) [E:/Users/Docs/2.Vivado_projects/ArtyA7_SDcard_readwrite/ArtyA7_SDcard_readwrite.runs/synth_1/.Xil/Vivado-5456-DESKTOP-SI7IBPD/realtime/design_1_ilmb_v10_0_stub.v:6]
WARNING: [Synth 8-350] instance 'ilmb_v10' of module 'design_1_ilmb_v10_0' requires 25 connections, but only 24 given [E:/Users/Docs/2.Vivado_projects/ArtyA7_SDcard_readwrite/ArtyA7_SDcard_readwrite.srcs/sources_1/bd/design_1/synth/design_1.v:2671]
INFO: [Synth 8-6157] synthesizing module 'design_1_lmb_bram_0' [E:/Users/Docs/2.Vivado_projects/ArtyA7_SDcard_readwrite/ArtyA7_SDcard_readwrite.runs/synth_1/.Xil/Vivado-5456-DESKTOP-SI7IBPD/realtime/design_1_lmb_bram_0_stub.v:6]
INFO: [Synth 8-6155] done synthesizing module 'design_1_lmb_bram_0' (21#1) [E:/Users/Docs/2.Vivado_projects/ArtyA7_SDcard_readwrite/ArtyA7_SDcard_readwrite.runs/synth_1/.Xil/Vivado-5456-DESKTOP-SI7IBPD/realtime/design_1_lmb_bram_0_stub.v:6]
WARNING: [Synth 8-350] instance 'lmb_bram' of module 'design_1_lmb_bram_0' requires 16 connections, but only 14 given [E:/Users/Docs/2.Vivado_projects/ArtyA7_SDcard_readwrite/ArtyA7_SDcard_readwrite.srcs/sources_1/bd/design_1/synth/design_1.v:2696]
INFO: [Synth 8-6155] done synthesizing module 'microblaze_0_local_memory_imp_1K0VQXK' (22#1) [E:/Users/Docs/2.Vivado_projects/ArtyA7_SDcard_readwrite/ArtyA7_SDcard_readwrite.srcs/sources_1/bd/design_1/synth/design_1.v:2479]
INFO: [Synth 8-6157] synthesizing module 'design_1_microblaze_0_xlconcat_0' [e:/Users/Docs/2.Vivado_projects/ArtyA7_SDcard_readwrite/ArtyA7_SDcard_readwrite.srcs/sources_1/bd/design_1/ip/design_1_microblaze_0_xlconcat_0/synth/design_1_microblaze_0_xlconcat_0.v:58]
INFO: [Synth 8-6157] synthesizing module 'xlconcat_v2_1_1_xlconcat' [e:/Users/Docs/2.Vivado_projects/ArtyA7_SDcard_readwrite/ArtyA7_SDcard_readwrite.srcs/sources_1/bd/design_1/ipshared/2f66/hdl/xlconcat_v2_1_vl_rfs.v:14]
	Parameter IN0_WIDTH bound to: 1 - type: integer 
	Parameter IN1_WIDTH bound to: 1 - type: integer 
	Parameter IN2_WIDTH bound to: 1 - type: integer 
	Parameter IN3_WIDTH bound to: 1 - type: integer 
	Parameter IN4_WIDTH bound to: 1 - type: integer 
	Parameter IN5_WIDTH bound to: 1 - type: integer 
	Parameter IN6_WIDTH bound to: 1 - type: integer 
	Parameter IN7_WIDTH bound to: 1 - type: integer 
	Parameter IN8_WIDTH bound to: 1 - type: integer 
	Parameter IN9_WIDTH bound to: 1 - type: integer 
	Parameter IN10_WIDTH bound to: 1 - type: integer 
	Parameter IN11_WIDTH bound to: 1 - type: integer 
	Parameter IN12_WIDTH bound to: 1 - type: integer 
	Parameter IN13_WIDTH bound to: 1 - type: integer 
	Parameter IN14_WIDTH bound to: 1 - type: integer 
	Parameter IN15_WIDTH bound to: 1 - type: integer 
	Parameter IN16_WIDTH bound to: 1 - type: integer 
	Parameter IN17_WIDTH bound to: 1 - type: integer 
	Parameter IN18_WIDTH bound to: 1 - type: integer 
	Parameter IN19_WIDTH bound to: 1 - type: integer 
	Parameter IN20_WIDTH bound to: 1 - type: integer 
	Parameter IN21_WIDTH bound to: 1 - type: integer 
	Parameter IN22_WIDTH bound to: 1 - type: integer 
	Parameter IN23_WIDTH bound to: 1 - type: integer 
	Parameter IN24_WIDTH bound to: 1 - type: integer 
	Parameter IN25_WIDTH bound to: 1 - type: integer 
	Parameter IN26_WIDTH bound to: 1 - type: integer 
	Parameter IN27_WIDTH bound to: 1 - type: integer 
	Parameter IN28_WIDTH bound to: 1 - type: integer 
	Parameter IN29_WIDTH bound to: 1 - type: integer 
	Parameter IN30_WIDTH bound to: 1 - type: integer 
	Parameter IN31_WIDTH bound to: 1 - type: integer 
	Parameter dout_width bound to: 2 - type: integer 
	Parameter NUM_PORTS bound to: 2 - type: integer 
INFO: [Synth 8-6155] done synthesizing module 'xlconcat_v2_1_1_xlconcat' (23#1) [e:/Users/Docs/2.Vivado_projects/ArtyA7_SDcard_readwrite/ArtyA7_SDcard_readwrite.srcs/sources_1/bd/design_1/ipshared/2f66/hdl/xlconcat_v2_1_vl_rfs.v:14]
INFO: [Synth 8-6155] done synthesizing module 'design_1_microblaze_0_xlconcat_0' (24#1) [e:/Users/Docs/2.Vivado_projects/ArtyA7_SDcard_readwrite/ArtyA7_SDcard_readwrite.srcs/sources_1/bd/design_1/ip/design_1_microblaze_0_xlconcat_0/synth/design_1_microblaze_0_xlconcat_0.v:58]
INFO: [Synth 8-6157] synthesizing module 'design_1_mig_7series_0_0' [E:/Users/Docs/2.Vivado_projects/ArtyA7_SDcard_readwrite/ArtyA7_SDcard_readwrite.runs/synth_1/.Xil/Vivado-5456-DESKTOP-SI7IBPD/realtime/design_1_mig_7series_0_0_stub.v:5]
INFO: [Synth 8-6155] done synthesizing module 'design_1_mig_7series_0_0' (25#1) [E:/Users/Docs/2.Vivado_projects/ArtyA7_SDcard_readwrite/ArtyA7_SDcard_readwrite.runs/synth_1/.Xil/Vivado-5456-DESKTOP-SI7IBPD/realtime/design_1_mig_7series_0_0_stub.v:5]
WARNING: [Synth 8-350] instance 'mig_7series_0' of module 'design_1_mig_7series_0_0' requires 64 connections, but only 57 given [E:/Users/Docs/2.Vivado_projects/ArtyA7_SDcard_readwrite/ArtyA7_SDcard_readwrite.srcs/sources_1/bd/design_1/synth/design_1.v:916]
INFO: [Synth 8-6157] synthesizing module 'design_1_rst_mig_7series_0_83M_0' [E:/Users/Docs/2.Vivado_projects/ArtyA7_SDcard_readwrite/ArtyA7_SDcard_readwrite.runs/synth_1/.Xil/Vivado-5456-DESKTOP-SI7IBPD/realtime/design_1_rst_mig_7series_0_83M_0_stub.v:6]
INFO: [Synth 8-6155] done synthesizing module 'design_1_rst_mig_7series_0_83M_0' (26#1) [E:/Users/Docs/2.Vivado_projects/ArtyA7_SDcard_readwrite/ArtyA7_SDcard_readwrite.runs/synth_1/.Xil/Vivado-5456-DESKTOP-SI7IBPD/realtime/design_1_rst_mig_7series_0_83M_0_stub.v:6]
WARNING: [Synth 8-350] instance 'rst_mig_7series_0_83M' of module 'design_1_rst_mig_7series_0_83M_0' requires 10 connections, but only 8 given [E:/Users/Docs/2.Vivado_projects/ArtyA7_SDcard_readwrite/ArtyA7_SDcard_readwrite.srcs/sources_1/bd/design_1/synth/design_1.v:974]
INFO: [Synth 8-6155] done synthesizing module 'design_1' (27#1) [E:/Users/Docs/2.Vivado_projects/ArtyA7_SDcard_readwrite/ArtyA7_SDcard_readwrite.srcs/sources_1/bd/design_1/synth/design_1.v:13]
INFO: [Synth 8-6157] synthesizing module 'IOBUF' [E:/Xilinx/Vivado/2018.3/scripts/rt/data/unisim_comp.v:23615]
	Parameter DRIVE bound to: 12 - type: integer 
	Parameter IBUF_LOW_PWR bound to: TRUE - type: string 
	Parameter IOSTANDARD bound to: DEFAULT - type: string 
	Parameter SLEW bound to: SLOW - type: string 
INFO: [Synth 8-6155] done synthesizing module 'IOBUF' (28#1) [E:/Xilinx/Vivado/2018.3/scripts/rt/data/unisim_comp.v:23615]
INFO: [Synth 8-6155] done synthesizing module 'design_1_wrapper' (29#1) [E:/Users/Docs/2.Vivado_projects/ArtyA7_SDcard_readwrite/ArtyA7_SDcard_readwrite.srcs/sources_1/bd/design_1/hdl/design_1_wrapper.v:12]
WARNING: [Synth 8-3331] design xlconcat_v2_1_1_xlconcat has unconnected port In2[0]
WARNING: [Synth 8-3331] design xlconcat_v2_1_1_xlconcat has unconnected port In3[0]
WARNING: [Synth 8-3331] design xlconcat_v2_1_1_xlconcat has unconnected port In4[0]
WARNING: [Synth 8-3331] design xlconcat_v2_1_1_xlconcat has unconnected port In5[0]
WARNING: [Synth 8-3331] design xlconcat_v2_1_1_xlconcat has unconnected port In6[0]
WARNING: [Synth 8-3331] design xlconcat_v2_1_1_xlconcat has unconnected port In7[0]
WARNING: [Synth 8-3331] design xlconcat_v2_1_1_xlconcat has unconnected port In8[0]
WARNING: [Synth 8-3331] design xlconcat_v2_1_1_xlconcat has unconnected port In9[0]
WARNING: [Synth 8-3331] design xlconcat_v2_1_1_xlconcat has unconnected port In10[0]
WARNING: [Synth 8-3331] design xlconcat_v2_1_1_xlconcat has unconnected port In11[0]
WARNING: [Synth 8-3331] design xlconcat_v2_1_1_xlconcat has unconnected port In12[0]
WARNING: [Synth 8-3331] design xlconcat_v2_1_1_xlconcat has unconnected port In13[0]
WARNING: [Synth 8-3331] design xlconcat_v2_1_1_xlconcat has unconnected port In14[0]
WARNING: [Synth 8-3331] design xlconcat_v2_1_1_xlconcat has unconnected port In15[0]
WARNING: [Synth 8-3331] design xlconcat_v2_1_1_xlconcat has unconnected port In16[0]
WARNING: [Synth 8-3331] design xlconcat_v2_1_1_xlconcat has unconnected port In17[0]
WARNING: [Synth 8-3331] design xlconcat_v2_1_1_xlconcat has unconnected port In18[0]
WARNING: [Synth 8-3331] design xlconcat_v2_1_1_xlconcat has unconnected port In19[0]
WARNING: [Synth 8-3331] design xlconcat_v2_1_1_xlconcat has unconnected port In20[0]
WARNING: [Synth 8-3331] design xlconcat_v2_1_1_xlconcat has unconnected port In21[0]
WARNING: [Synth 8-3331] design xlconcat_v2_1_1_xlconcat has unconnected port In22[0]
WARNING: [Synth 8-3331] design xlconcat_v2_1_1_xlconcat has unconnected port In23[0]
WARNING: [Synth 8-3331] design xlconcat_v2_1_1_xlconcat has unconnected port In24[0]
WARNING: [Synth 8-3331] design xlconcat_v2_1_1_xlconcat has unconnected port In25[0]
WARNING: [Synth 8-3331] design xlconcat_v2_1_1_xlconcat has unconnected port In26[0]
WARNING: [Synth 8-3331] design xlconcat_v2_1_1_xlconcat has unconnected port In27[0]
WARNING: [Synth 8-3331] design xlconcat_v2_1_1_xlconcat has unconnected port In28[0]
WARNING: [Synth 8-3331] design xlconcat_v2_1_1_xlconcat has unconnected port In29[0]
WARNING: [Synth 8-3331] design xlconcat_v2_1_1_xlconcat has unconnected port In30[0]
WARNING: [Synth 8-3331] design xlconcat_v2_1_1_xlconcat has unconnected port In31[0]
WARNING: [Synth 8-3331] design s00_couplers_imp_1RZP34U has unconnected port M_ACLK
WARNING: [Synth 8-3331] design s00_couplers_imp_1RZP34U has unconnected port M_ARESETN
WARNING: [Synth 8-3331] design s00_couplers_imp_1RZP34U has unconnected port S_ACLK
WARNING: [Synth 8-3331] design s00_couplers_imp_1RZP34U has unconnected port S_ARESETN
WARNING: [Synth 8-3331] design m04_couplers_imp_5LX7BU has unconnected port M_ACLK
WARNING: [Synth 8-3331] design m04_couplers_imp_5LX7BU has unconnected port M_ARESETN
WARNING: [Synth 8-3331] design m04_couplers_imp_5LX7BU has unconnected port S_ACLK
WARNING: [Synth 8-3331] design m04_couplers_imp_5LX7BU has unconnected port S_ARESETN
WARNING: [Synth 8-3331] design m03_couplers_imp_1W07O72 has unconnected port M_ACLK
WARNING: [Synth 8-3331] design m03_couplers_imp_1W07O72 has unconnected port M_ARESETN
WARNING: [Synth 8-3331] design m03_couplers_imp_1W07O72 has unconnected port S_ACLK
WARNING: [Synth 8-3331] design m03_couplers_imp_1W07O72 has unconnected port S_ARESETN
WARNING: [Synth 8-3331] design m02_couplers_imp_7ANRHB has unconnected port M_ACLK
WARNING: [Synth 8-3331] design m02_couplers_imp_7ANRHB has unconnected port M_ARESETN
WARNING: [Synth 8-3331] design m02_couplers_imp_7ANRHB has unconnected port S_ACLK
WARNING: [Synth 8-3331] design m02_couplers_imp_7ANRHB has unconnected port S_ARESETN
WARNING: [Synth 8-3331] design m01_couplers_imp_1UTB3Y5 has unconnected port M_ACLK
WARNING: [Synth 8-3331] design m01_couplers_imp_1UTB3Y5 has unconnected port M_ARESETN
WARNING: [Synth 8-3331] design m01_couplers_imp_1UTB3Y5 has unconnected port S_ACLK
WARNING: [Synth 8-3331] design m01_couplers_imp_1UTB3Y5 has unconnected port S_ARESETN
WARNING: [Synth 8-3331] design m00_couplers_imp_8RVYHO has unconnected port M_ACLK
WARNING: [Synth 8-3331] design m00_couplers_imp_8RVYHO has unconnected port M_ARESETN
WARNING: [Synth 8-3331] design m00_couplers_imp_8RVYHO has unconnected port S_ACLK
WARNING: [Synth 8-3331] design m00_couplers_imp_8RVYHO has unconnected port S_ARESETN
WARNING: [Synth 8-3331] design design_1_microblaze_0_axi_periph_0 has unconnected port M00_ACLK
WARNING: [Synth 8-3331] design design_1_microblaze_0_axi_periph_0 has unconnected port M00_ARESETN
WARNING: [Synth 8-3331] design design_1_microblaze_0_axi_periph_0 has unconnected port M01_ACLK
WARNING: [Synth 8-3331] design design_1_microblaze_0_axi_periph_0 has unconnected port M01_ARESETN
WARNING: [Synth 8-3331] design design_1_microblaze_0_axi_periph_0 has unconnected port M02_ACLK
WARNING: [Synth 8-3331] design design_1_microblaze_0_axi_periph_0 has unconnected port M02_ARESETN
WARNING: [Synth 8-3331] design design_1_microblaze_0_axi_periph_0 has unconnected port M03_ACLK
WARNING: [Synth 8-3331] design design_1_microblaze_0_axi_periph_0 has unconnected port M03_ARESETN
WARNING: [Synth 8-3331] design design_1_microblaze_0_axi_periph_0 has unconnected port M04_ACLK
WARNING: [Synth 8-3331] design design_1_microblaze_0_axi_periph_0 has unconnected port M04_ARESETN
WARNING: [Synth 8-3331] design design_1_microblaze_0_axi_periph_0 has unconnected port S00_ACLK
WARNING: [Synth 8-3331] design design_1_microblaze_0_axi_periph_0 has unconnected port S00_ARESETN
---------------------------------------------------------------------------------
Finished RTL Elaboration : Time (s): cpu = 00:00:05 ; elapsed = 00:00:05 . Memory (MB): peak = 636.602 ; gain = 162.367
---------------------------------------------------------------------------------

Report Check Netlist: 
+------+------------------+-------+---------+-------+------------------+
|      |Item              |Errors |Warnings |Status |Description       |
+------+------------------+-------+---------+-------+------------------+
|1     |multi_driven_nets |      0|        0|Passed |Multi driven nets |
+------+------------------+-------+---------+-------+------------------+
---------------------------------------------------------------------------------
Start Handling Custom Attributes
---------------------------------------------------------------------------------
---------------------------------------------------------------------------------
Finished Handling Custom Attributes : Time (s): cpu = 00:00:05 ; elapsed = 00:00:05 . Memory (MB): peak = 636.602 ; gain = 162.367
---------------------------------------------------------------------------------
---------------------------------------------------------------------------------
Finished RTL Optimization Phase 1 : Time (s): cpu = 00:00:05 ; elapsed = 00:00:05 . Memory (MB): peak = 636.602 ; gain = 162.367
---------------------------------------------------------------------------------
INFO: [Netlist 29-17] Analyzing 12 Unisim elements for replacement
INFO: [Netlist 29-28] Unisim Transformation completed in 0 CPU seconds
INFO: [Device 21-403] Loading part xc7a35ticsg324-1L
INFO: [Project 1-570] Preparing netlist for logic optimization

Processing XDC Constraints
Initializing timing engine
Parsing XDC File [e:/Users/Docs/2.Vivado_projects/ArtyA7_SDcard_readwrite/ArtyA7_SDcard_readwrite.srcs/sources_1/bd/design_1/ip/design_1_clk_wiz_0_0/design_1_clk_wiz_0_0/design_1_clk_wiz_0_0_in_context.xdc] for cell 'design_1_i/clk_wiz_0'
Finished Parsing XDC File [e:/Users/Docs/2.Vivado_projects/ArtyA7_SDcard_readwrite/ArtyA7_SDcard_readwrite.srcs/sources_1/bd/design_1/ip/design_1_clk_wiz_0_0/design_1_clk_wiz_0_0/design_1_clk_wiz_0_0_in_context.xdc] for cell 'design_1_i/clk_wiz_0'
Parsing XDC File [e:/Users/Docs/2.Vivado_projects/ArtyA7_SDcard_readwrite/ArtyA7_SDcard_readwrite.srcs/sources_1/bd/design_1/ip/design_1_mig_7series_0_0/design_1_mig_7series_0_0/design_1_mig_7series_0_0_in_context.xdc] for cell 'design_1_i/mig_7series_0'
Finished Parsing XDC File [e:/Users/Docs/2.Vivado_projects/ArtyA7_SDcard_readwrite/ArtyA7_SDcard_readwrite.srcs/sources_1/bd/design_1/ip/design_1_mig_7series_0_0/design_1_mig_7series_0_0/design_1_mig_7series_0_0_in_context.xdc] for cell 'design_1_i/mig_7series_0'
Parsing XDC File [e:/Users/Docs/2.Vivado_projects/ArtyA7_SDcard_readwrite/ArtyA7_SDcard_readwrite.srcs/sources_1/bd/design_1/ip/design_1_microblaze_0_0/design_1_microblaze_0_0/design_1_microblaze_0_0_in_context.xdc] for cell 'design_1_i/microblaze_0'
Finished Parsing XDC File [e:/Users/Docs/2.Vivado_projects/ArtyA7_SDcard_readwrite/ArtyA7_SDcard_readwrite.srcs/sources_1/bd/design_1/ip/design_1_microblaze_0_0/design_1_microblaze_0_0/design_1_microblaze_0_0_in_context.xdc] for cell 'design_1_i/microblaze_0'
Parsing XDC File [e:/Users/Docs/2.Vivado_projects/ArtyA7_SDcard_readwrite/ArtyA7_SDcard_readwrite.srcs/sources_1/bd/design_1/ip/design_1_dlmb_v10_0/design_1_dlmb_v10_0/design_1_dlmb_v10_0_in_context.xdc] for cell 'design_1_i/microblaze_0_local_memory/dlmb_v10'
Finished Parsing XDC File [e:/Users/Docs/2.Vivado_projects/ArtyA7_SDcard_readwrite/ArtyA7_SDcard_readwrite.srcs/sources_1/bd/design_1/ip/design_1_dlmb_v10_0/design_1_dlmb_v10_0/design_1_dlmb_v10_0_in_context.xdc] for cell 'design_1_i/microblaze_0_local_memory/dlmb_v10'
Parsing XDC File [e:/Users/Docs/2.Vivado_projects/ArtyA7_SDcard_readwrite/ArtyA7_SDcard_readwrite.srcs/sources_1/bd/design_1/ip/design_1_ilmb_v10_0/design_1_ilmb_v10_0/design_1_dlmb_v10_0_in_context.xdc] for cell 'design_1_i/microblaze_0_local_memory/ilmb_v10'
Finished Parsing XDC File [e:/Users/Docs/2.Vivado_projects/ArtyA7_SDcard_readwrite/ArtyA7_SDcard_readwrite.srcs/sources_1/bd/design_1/ip/design_1_ilmb_v10_0/design_1_ilmb_v10_0/design_1_dlmb_v10_0_in_context.xdc] for cell 'design_1_i/microblaze_0_local_memory/ilmb_v10'
Parsing XDC File [e:/Users/Docs/2.Vivado_projects/ArtyA7_SDcard_readwrite/ArtyA7_SDcard_readwrite.srcs/sources_1/bd/design_1/ip/design_1_dlmb_bram_if_cntlr_0/design_1_dlmb_bram_if_cntlr_0/design_1_dlmb_bram_if_cntlr_0_in_context.xdc] for cell 'design_1_i/microblaze_0_local_memory/dlmb_bram_if_cntlr'
Finished Parsing XDC File [e:/Users/Docs/2.Vivado_projects/ArtyA7_SDcard_readwrite/ArtyA7_SDcard_readwrite.srcs/sources_1/bd/design_1/ip/design_1_dlmb_bram_if_cntlr_0/design_1_dlmb_bram_if_cntlr_0/design_1_dlmb_bram_if_cntlr_0_in_context.xdc] for cell 'design_1_i/microblaze_0_local_memory/dlmb_bram_if_cntlr'
Parsing XDC File [e:/Users/Docs/2.Vivado_projects/ArtyA7_SDcard_readwrite/ArtyA7_SDcard_readwrite.srcs/sources_1/bd/design_1/ip/design_1_ilmb_bram_if_cntlr_0/design_1_ilmb_bram_if_cntlr_0/design_1_ilmb_bram_if_cntlr_0_in_context.xdc] for cell 'design_1_i/microblaze_0_local_memory/ilmb_bram_if_cntlr'
Finished Parsing XDC File [e:/Users/Docs/2.Vivado_projects/ArtyA7_SDcard_readwrite/ArtyA7_SDcard_readwrite.srcs/sources_1/bd/design_1/ip/design_1_ilmb_bram_if_cntlr_0/design_1_ilmb_bram_if_cntlr_0/design_1_ilmb_bram_if_cntlr_0_in_context.xdc] for cell 'design_1_i/microblaze_0_local_memory/ilmb_bram_if_cntlr'
Parsing XDC File [e:/Users/Docs/2.Vivado_projects/ArtyA7_SDcard_readwrite/ArtyA7_SDcard_readwrite.srcs/sources_1/bd/design_1/ip/design_1_lmb_bram_0/design_1_lmb_bram_0/design_1_lmb_bram_0_in_context.xdc] for cell 'design_1_i/microblaze_0_local_memory/lmb_bram'
Finished Parsing XDC File [e:/Users/Docs/2.Vivado_projects/ArtyA7_SDcard_readwrite/ArtyA7_SDcard_readwrite.srcs/sources_1/bd/design_1/ip/design_1_lmb_bram_0/design_1_lmb_bram_0/design_1_lmb_bram_0_in_context.xdc] for cell 'design_1_i/microblaze_0_local_memory/lmb_bram'
Parsing XDC File [e:/Users/Docs/2.Vivado_projects/ArtyA7_SDcard_readwrite/ArtyA7_SDcard_readwrite.srcs/sources_1/bd/design_1/ip/design_1_xbar_0/design_1_xbar_0/design_1_xbar_0_in_context.xdc] for cell 'design_1_i/microblaze_0_axi_periph/xbar'
Finished Parsing XDC File [e:/Users/Docs/2.Vivado_projects/ArtyA7_SDcard_readwrite/ArtyA7_SDcard_readwrite.srcs/sources_1/bd/design_1/ip/design_1_xbar_0/design_1_xbar_0/design_1_xbar_0_in_context.xdc] for cell 'design_1_i/microblaze_0_axi_periph/xbar'
Parsing XDC File [e:/Users/Docs/2.Vivado_projects/ArtyA7_SDcard_readwrite/ArtyA7_SDcard_readwrite.srcs/sources_1/bd/design_1/ip/design_1_microblaze_0_axi_intc_0/design_1_microblaze_0_axi_intc_0/design_1_microblaze_0_axi_intc_0_in_context.xdc] for cell 'design_1_i/microblaze_0_axi_intc'
Finished Parsing XDC File [e:/Users/Docs/2.Vivado_projects/ArtyA7_SDcard_readwrite/ArtyA7_SDcard_readwrite.srcs/sources_1/bd/design_1/ip/design_1_microblaze_0_axi_intc_0/design_1_microblaze_0_axi_intc_0/design_1_microblaze_0_axi_intc_0_in_context.xdc] for cell 'design_1_i/microblaze_0_axi_intc'
Parsing XDC File [e:/Users/Docs/2.Vivado_projects/ArtyA7_SDcard_readwrite/ArtyA7_SDcard_readwrite.srcs/sources_1/bd/design_1/ip/design_1_mdm_1_0/design_1_mdm_1_0/design_1_mdm_1_0_in_context.xdc] for cell 'design_1_i/mdm_1'
Finished Parsing XDC File [e:/Users/Docs/2.Vivado_projects/ArtyA7_SDcard_readwrite/ArtyA7_SDcard_readwrite.srcs/sources_1/bd/design_1/ip/design_1_mdm_1_0/design_1_mdm_1_0/design_1_mdm_1_0_in_context.xdc] for cell 'design_1_i/mdm_1'
Parsing XDC File [e:/Users/Docs/2.Vivado_projects/ArtyA7_SDcard_readwrite/ArtyA7_SDcard_readwrite.srcs/sources_1/bd/design_1/ip/design_1_rst_mig_7series_0_83M_0/design_1_rst_mig_7series_0_83M_0/design_1_rst_mig_7series_0_83M_0_in_context.xdc] for cell 'design_1_i/rst_mig_7series_0_83M'
Finished Parsing XDC File [e:/Users/Docs/2.Vivado_projects/ArtyA7_SDcard_readwrite/ArtyA7_SDcard_readwrite.srcs/sources_1/bd/design_1/ip/design_1_rst_mig_7series_0_83M_0/design_1_rst_mig_7series_0_83M_0/design_1_rst_mig_7series_0_83M_0_in_context.xdc] for cell 'design_1_i/rst_mig_7series_0_83M'
Parsing XDC File [e:/Users/Docs/2.Vivado_projects/ArtyA7_SDcard_readwrite/ArtyA7_SDcard_readwrite.srcs/sources_1/bd/design_1/ip/design_1_axi_smc_0/design_1_axi_smc_0/design_1_axi_smc_0_in_context.xdc] for cell 'design_1_i/axi_smc'
Finished Parsing XDC File [e:/Users/Docs/2.Vivado_projects/ArtyA7_SDcard_readwrite/ArtyA7_SDcard_readwrite.srcs/sources_1/bd/design_1/ip/design_1_axi_smc_0/design_1_axi_smc_0/design_1_axi_smc_0_in_context.xdc] for cell 'design_1_i/axi_smc'
Parsing XDC File [e:/Users/Docs/2.Vivado_projects/ArtyA7_SDcard_readwrite/ArtyA7_SDcard_readwrite.srcs/sources_1/bd/design_1/ip/design_1_PmodSD_0_0/design_1_PmodSD_0_0/design_1_PmodSD_0_0_in_context.xdc] for cell 'design_1_i/PmodSD_0'
Finished Parsing XDC File [e:/Users/Docs/2.Vivado_projects/ArtyA7_SDcard_readwrite/ArtyA7_SDcard_readwrite.srcs/sources_1/bd/design_1/ip/design_1_PmodSD_0_0/design_1_PmodSD_0_0/design_1_PmodSD_0_0_in_context.xdc] for cell 'design_1_i/PmodSD_0'
Parsing XDC File [e:/Users/Docs/2.Vivado_projects/ArtyA7_SDcard_readwrite/ArtyA7_SDcard_readwrite.srcs/sources_1/bd/design_1/ip/design_1_axi_uartlite_0_0/design_1_axi_uartlite_0_0/design_1_axi_uartlite_0_0_in_context.xdc] for cell 'design_1_i/axi_uartlite_0'
Finished Parsing XDC File [e:/Users/Docs/2.Vivado_projects/ArtyA7_SDcard_readwrite/ArtyA7_SDcard_readwrite.srcs/sources_1/bd/design_1/ip/design_1_axi_uartlite_0_0/design_1_axi_uartlite_0_0/design_1_axi_uartlite_0_0_in_context.xdc] for cell 'design_1_i/axi_uartlite_0'
Parsing XDC File [e:/Users/Docs/2.Vivado_projects/ArtyA7_SDcard_readwrite/ArtyA7_SDcard_readwrite.srcs/sources_1/bd/design_1/ip/design_1_axi_gpio_0_0/design_1_axi_gpio_0_0/design_1_axi_gpio_0_0_in_context.xdc] for cell 'design_1_i/axi_gpio_0'
Finished Parsing XDC File [e:/Users/Docs/2.Vivado_projects/ArtyA7_SDcard_readwrite/ArtyA7_SDcard_readwrite.srcs/sources_1/bd/design_1/ip/design_1_axi_gpio_0_0/design_1_axi_gpio_0_0/design_1_axi_gpio_0_0_in_context.xdc] for cell 'design_1_i/axi_gpio_0'
Parsing XDC File [E:/Users/Docs/2.Vivado_projects/ArtyA7_SDcard_readwrite/ArtyA7_SDcard_readwrite.runs/synth_1/dont_touch.xdc]
Finished Parsing XDC File [E:/Users/Docs/2.Vivado_projects/ArtyA7_SDcard_readwrite/ArtyA7_SDcard_readwrite.runs/synth_1/dont_touch.xdc]
Completed Processing XDC Constraints

Netlist sorting complete. Time (s): cpu = 00:00:00 ; elapsed = 00:00:00 . Memory (MB): peak = 921.641 ; gain = 0.000
INFO: [Project 1-111] Unisim Transformation Summary:
  A total of 12 instances were transformed.
  IOBUF => IOBUF (IBUF, OBUFT): 12 instances

Netlist sorting complete. Time (s): cpu = 00:00:00 ; elapsed = 00:00:00 . Memory (MB): peak = 921.684 ; gain = 0.000
Constraint Validation Runtime : Time (s): cpu = 00:00:00 ; elapsed = 00:00:00.143 . Memory (MB): peak = 921.684 ; gain = 0.043
WARNING: [Timing 38-316] Clock period '20.000' specified during out-of-context synthesis of instance 'design_1_i/microblaze_0_local_memory/lmb_bram' at clock pin 'clka' is different from the actual clock period '12.000', this can lead to different synthesis results.
---------------------------------------------------------------------------------
Finished Constraint Validation : Time (s): cpu = 00:00:17 ; elapsed = 00:00:20 . Memory (MB): peak = 923.250 ; gain = 449.016
---------------------------------------------------------------------------------
---------------------------------------------------------------------------------
Start Loading Part and Timing Information
---------------------------------------------------------------------------------
Loading part: xc7a35ticsg324-1L
---------------------------------------------------------------------------------
Finished Loading Part and Timing Information : Time (s): cpu = 00:00:17 ; elapsed = 00:00:20 . Memory (MB): peak = 923.250 ; gain = 449.016
---------------------------------------------------------------------------------
---------------------------------------------------------------------------------
Start Applying 'set_property' XDC Constraints
---------------------------------------------------------------------------------
Applied set_property IO_BUFFER_TYPE = NONE for sys_clock. (constraint file  e:/Users/Docs/2.Vivado_projects/ArtyA7_SDcard_readwrite/ArtyA7_SDcard_readwrite.srcs/sources_1/bd/design_1/ip/design_1_clk_wiz_0_0/design_1_clk_wiz_0_0/design_1_clk_wiz_0_0_in_context.xdc, line 4).
Applied set_property CLOCK_BUFFER_TYPE = NONE for sys_clock. (constraint file  e:/Users/Docs/2.Vivado_projects/ArtyA7_SDcard_readwrite/ArtyA7_SDcard_readwrite.srcs/sources_1/bd/design_1/ip/design_1_clk_wiz_0_0/design_1_clk_wiz_0_0/design_1_clk_wiz_0_0_in_context.xdc, line 5).
Applied set_property IO_BUFFER_TYPE = NONE for ddr3_sdram_addr[0]. (constraint file  e:/Users/Docs/2.Vivado_projects/ArtyA7_SDcard_readwrite/ArtyA7_SDcard_readwrite.srcs/sources_1/bd/design_1/ip/design_1_mig_7series_0_0/design_1_mig_7series_0_0/design_1_mig_7series_0_0_in_context.xdc, line 2).
Applied set_property CLOCK_BUFFER_TYPE = NONE for ddr3_sdram_addr[0]. (constraint file  e:/Users/Docs/2.Vivado_projects/ArtyA7_SDcard_readwrite/ArtyA7_SDcard_readwrite.srcs/sources_1/bd/design_1/ip/design_1_mig_7series_0_0/design_1_mig_7series_0_0/design_1_mig_7series_0_0_in_context.xdc, line 3).
Applied set_property IO_BUFFER_TYPE = NONE for ddr3_sdram_addr[10]. (constraint file  e:/Users/Docs/2.Vivado_projects/ArtyA7_SDcard_readwrite/ArtyA7_SDcard_readwrite.srcs/sources_1/bd/design_1/ip/design_1_mig_7series_0_0/design_1_mig_7series_0_0/design_1_mig_7series_0_0_in_context.xdc, line 4).
Applied set_property CLOCK_BUFFER_TYPE = NONE for ddr3_sdram_addr[10]. (constraint file  e:/Users/Docs/2.Vivado_projects/ArtyA7_SDcard_readwrite/ArtyA7_SDcard_readwrite.srcs/sources_1/bd/design_1/ip/design_1_mig_7series_0_0/design_1_mig_7series_0_0/design_1_mig_7series_0_0_in_context.xdc, line 5).
Applied set_property IO_BUFFER_TYPE = NONE for ddr3_sdram_addr[11]. (constraint file  e:/Users/Docs/2.Vivado_projects/ArtyA7_SDcard_readwrite/ArtyA7_SDcard_readwrite.srcs/sources_1/bd/design_1/ip/design_1_mig_7series_0_0/design_1_mig_7series_0_0/design_1_mig_7series_0_0_in_context.xdc, line 6).
Applied set_property CLOCK_BUFFER_TYPE = NONE for ddr3_sdram_addr[11]. (constraint file  e:/Users/Docs/2.Vivado_projects/ArtyA7_SDcard_readwrite/ArtyA7_SDcard_readwrite.srcs/sources_1/bd/design_1/ip/design_1_mig_7series_0_0/design_1_mig_7series_0_0/design_1_mig_7series_0_0_in_context.xdc, line 7).
Applied set_property IO_BUFFER_TYPE = NONE for ddr3_sdram_addr[12]. (constraint file  e:/Users/Docs/2.Vivado_projects/ArtyA7_SDcard_readwrite/ArtyA7_SDcard_readwrite.srcs/sources_1/bd/design_1/ip/design_1_mig_7series_0_0/design_1_mig_7series_0_0/design_1_mig_7series_0_0_in_context.xdc, line 8).
Applied set_property CLOCK_BUFFER_TYPE = NONE for ddr3_sdram_addr[12]. (constraint file  e:/Users/Docs/2.Vivado_projects/ArtyA7_SDcard_readwrite/ArtyA7_SDcard_readwrite.srcs/sources_1/bd/design_1/ip/design_1_mig_7series_0_0/design_1_mig_7series_0_0/design_1_mig_7series_0_0_in_context.xdc, line 9).
Applied set_property IO_BUFFER_TYPE = NONE for ddr3_sdram_addr[13]. (constraint file  e:/Users/Docs/2.Vivado_projects/ArtyA7_SDcard_readwrite/ArtyA7_SDcard_readwrite.srcs/sources_1/bd/design_1/ip/design_1_mig_7series_0_0/design_1_mig_7series_0_0/design_1_mig_7series_0_0_in_context.xdc, line 10).
Applied set_property CLOCK_BUFFER_TYPE = NONE for ddr3_sdram_addr[13]. (constraint file  e:/Users/Docs/2.Vivado_projects/ArtyA7_SDcard_readwrite/ArtyA7_SDcard_readwrite.srcs/sources_1/bd/design_1/ip/design_1_mig_7series_0_0/design_1_mig_7series_0_0/design_1_mig_7series_0_0_in_context.xdc, line 11).
Applied set_property IO_BUFFER_TYPE = NONE for ddr3_sdram_addr[1]. (constraint file  e:/Users/Docs/2.Vivado_projects/ArtyA7_SDcard_readwrite/ArtyA7_SDcard_readwrite.srcs/sources_1/bd/design_1/ip/design_1_mig_7series_0_0/design_1_mig_7series_0_0/design_1_mig_7series_0_0_in_context.xdc, line 12).
Applied set_property CLOCK_BUFFER_TYPE = NONE for ddr3_sdram_addr[1]. (constraint file  e:/Users/Docs/2.Vivado_projects/ArtyA7_SDcard_readwrite/ArtyA7_SDcard_readwrite.srcs/sources_1/bd/design_1/ip/design_1_mig_7series_0_0/design_1_mig_7series_0_0/design_1_mig_7series_0_0_in_context.xdc, line 13).
Applied set_property IO_BUFFER_TYPE = NONE for ddr3_sdram_addr[2]. (constraint file  e:/Users/Docs/2.Vivado_projects/ArtyA7_SDcard_readwrite/ArtyA7_SDcard_readwrite.srcs/sources_1/bd/design_1/ip/design_1_mig_7series_0_0/design_1_mig_7series_0_0/design_1_mig_7series_0_0_in_context.xdc, line 14).
Applied set_property CLOCK_BUFFER_TYPE = NONE for ddr3_sdram_addr[2]. (constraint file  e:/Users/Docs/2.Vivado_projects/ArtyA7_SDcard_readwrite/ArtyA7_SDcard_readwrite.srcs/sources_1/bd/design_1/ip/design_1_mig_7series_0_0/design_1_mig_7series_0_0/design_1_mig_7series_0_0_in_context.xdc, line 15).
Applied set_property IO_BUFFER_TYPE = NONE for ddr3_sdram_addr[3]. (constraint file  e:/Users/Docs/2.Vivado_projects/ArtyA7_SDcard_readwrite/ArtyA7_SDcard_readwrite.srcs/sources_1/bd/design_1/ip/design_1_mig_7series_0_0/design_1_mig_7series_0_0/design_1_mig_7series_0_0_in_context.xdc, line 16).
Applied set_property CLOCK_BUFFER_TYPE = NONE for ddr3_sdram_addr[3]. (constraint file  e:/Users/Docs/2.Vivado_projects/ArtyA7_SDcard_readwrite/ArtyA7_SDcard_readwrite.srcs/sources_1/bd/design_1/ip/design_1_mig_7series_0_0/design_1_mig_7series_0_0/design_1_mig_7series_0_0_in_context.xdc, line 17).
Applied set_property IO_BUFFER_TYPE = NONE for ddr3_sdram_addr[4]. (constraint file  e:/Users/Docs/2.Vivado_projects/ArtyA7_SDcard_readwrite/ArtyA7_SDcard_readwrite.srcs/sources_1/bd/design_1/ip/design_1_mig_7series_0_0/design_1_mig_7series_0_0/design_1_mig_7series_0_0_in_context.xdc, line 18).
Applied set_property CLOCK_BUFFER_TYPE = NONE for ddr3_sdram_addr[4]. (constraint file  e:/Users/Docs/2.Vivado_projects/ArtyA7_SDcard_readwrite/ArtyA7_SDcard_readwrite.srcs/sources_1/bd/design_1/ip/design_1_mig_7series_0_0/design_1_mig_7series_0_0/design_1_mig_7series_0_0_in_context.xdc, line 19).
Applied set_property IO_BUFFER_TYPE = NONE for ddr3_sdram_addr[5]. (constraint file  e:/Users/Docs/2.Vivado_projects/ArtyA7_SDcard_readwrite/ArtyA7_SDcard_readwrite.srcs/sources_1/bd/design_1/ip/design_1_mig_7series_0_0/design_1_mig_7series_0_0/design_1_mig_7series_0_0_in_context.xdc, line 20).
Applied set_property CLOCK_BUFFER_TYPE = NONE for ddr3_sdram_addr[5]. (constraint file  e:/Users/Docs/2.Vivado_projects/ArtyA7_SDcard_readwrite/ArtyA7_SDcard_readwrite.srcs/sources_1/bd/design_1/ip/design_1_mig_7series_0_0/design_1_mig_7series_0_0/design_1_mig_7series_0_0_in_context.xdc, line 21).
Applied set_property IO_BUFFER_TYPE = NONE for ddr3_sdram_addr[6]. (constraint file  e:/Users/Docs/2.Vivado_projects/ArtyA7_SDcard_readwrite/ArtyA7_SDcard_readwrite.srcs/sources_1/bd/design_1/ip/design_1_mig_7series_0_0/design_1_mig_7series_0_0/design_1_mig_7series_0_0_in_context.xdc, line 22).
Applied set_property CLOCK_BUFFER_TYPE = NONE for ddr3_sdram_addr[6]. (constraint file  e:/Users/Docs/2.Vivado_projects/ArtyA7_SDcard_readwrite/ArtyA7_SDcard_readwrite.srcs/sources_1/bd/design_1/ip/design_1_mig_7series_0_0/design_1_mig_7series_0_0/design_1_mig_7series_0_0_in_context.xdc, line 23).
Applied set_property IO_BUFFER_TYPE = NONE for ddr3_sdram_addr[7]. (constraint file  e:/Users/Docs/2.Vivado_projects/ArtyA7_SDcard_readwrite/ArtyA7_SDcard_readwrite.srcs/sources_1/bd/design_1/ip/design_1_mig_7series_0_0/design_1_mig_7series_0_0/design_1_mig_7series_0_0_in_context.xdc, line 24).
Applied set_property CLOCK_BUFFER_TYPE = NONE for ddr3_sdram_addr[7]. (constraint file  e:/Users/Docs/2.Vivado_projects/ArtyA7_SDcard_readwrite/ArtyA7_SDcard_readwrite.srcs/sources_1/bd/design_1/ip/design_1_mig_7series_0_0/design_1_mig_7series_0_0/design_1_mig_7series_0_0_in_context.xdc, line 25).
Applied set_property IO_BUFFER_TYPE = NONE for ddr3_sdram_addr[8]. (constraint file  e:/Users/Docs/2.Vivado_projects/ArtyA7_SDcard_readwrite/ArtyA7_SDcard_readwrite.srcs/sources_1/bd/design_1/ip/design_1_mig_7series_0_0/design_1_mig_7series_0_0/design_1_mig_7series_0_0_in_context.xdc, line 26).
Applied set_property CLOCK_BUFFER_TYPE = NONE for ddr3_sdram_addr[8]. (constraint file  e:/Users/Docs/2.Vivado_projects/ArtyA7_SDcard_readwrite/ArtyA7_SDcard_readwrite.srcs/sources_1/bd/design_1/ip/design_1_mig_7series_0_0/design_1_mig_7series_0_0/design_1_mig_7series_0_0_in_context.xdc, line 27).
Applied set_property IO_BUFFER_TYPE = NONE for ddr3_sdram_addr[9]. (constraint file  e:/Users/Docs/2.Vivado_projects/ArtyA7_SDcard_readwrite/ArtyA7_SDcard_readwrite.srcs/sources_1/bd/design_1/ip/design_1_mig_7series_0_0/design_1_mig_7series_0_0/design_1_mig_7series_0_0_in_context.xdc, line 28).
Applied set_property CLOCK_BUFFER_TYPE = NONE for ddr3_sdram_addr[9]. (constraint file  e:/Users/Docs/2.Vivado_projects/ArtyA7_SDcard_readwrite/ArtyA7_SDcard_readwrite.srcs/sources_1/bd/design_1/ip/design_1_mig_7series_0_0/design_1_mig_7series_0_0/design_1_mig_7series_0_0_in_context.xdc, line 29).
Applied set_property IO_BUFFER_TYPE = NONE for ddr3_sdram_ba[0]. (constraint file  e:/Users/Docs/2.Vivado_projects/ArtyA7_SDcard_readwrite/ArtyA7_SDcard_readwrite.srcs/sources_1/bd/design_1/ip/design_1_mig_7series_0_0/design_1_mig_7series_0_0/design_1_mig_7series_0_0_in_context.xdc, line 30).
Applied set_property CLOCK_BUFFER_TYPE = NONE for ddr3_sdram_ba[0]. (constraint file  e:/Users/Docs/2.Vivado_projects/ArtyA7_SDcard_readwrite/ArtyA7_SDcard_readwrite.srcs/sources_1/bd/design_1/ip/design_1_mig_7series_0_0/design_1_mig_7series_0_0/design_1_mig_7series_0_0_in_context.xdc, line 31).
Applied set_property IO_BUFFER_TYPE = NONE for ddr3_sdram_ba[1]. (constraint file  e:/Users/Docs/2.Vivado_projects/ArtyA7_SDcard_readwrite/ArtyA7_SDcard_readwrite.srcs/sources_1/bd/design_1/ip/design_1_mig_7series_0_0/design_1_mig_7series_0_0/design_1_mig_7series_0_0_in_context.xdc, line 32).
Applied set_property CLOCK_BUFFER_TYPE = NONE for ddr3_sdram_ba[1]. (constraint file  e:/Users/Docs/2.Vivado_projects/ArtyA7_SDcard_readwrite/ArtyA7_SDcard_readwrite.srcs/sources_1/bd/design_1/ip/design_1_mig_7series_0_0/design_1_mig_7series_0_0/design_1_mig_7series_0_0_in_context.xdc, line 33).
Applied set_property IO_BUFFER_TYPE = NONE for ddr3_sdram_ba[2]. (constraint file  e:/Users/Docs/2.Vivado_projects/ArtyA7_SDcard_readwrite/ArtyA7_SDcard_readwrite.srcs/sources_1/bd/design_1/ip/design_1_mig_7series_0_0/design_1_mig_7series_0_0/design_1_mig_7series_0_0_in_context.xdc, line 34).
Applied set_property CLOCK_BUFFER_TYPE = NONE for ddr3_sdram_ba[2]. (constraint file  e:/Users/Docs/2.Vivado_projects/ArtyA7_SDcard_readwrite/ArtyA7_SDcard_readwrite.srcs/sources_1/bd/design_1/ip/design_1_mig_7series_0_0/design_1_mig_7series_0_0/design_1_mig_7series_0_0_in_context.xdc, line 35).
Applied set_property IO_BUFFER_TYPE = NONE for ddr3_sdram_cas_n. (constraint file  e:/Users/Docs/2.Vivado_projects/ArtyA7_SDcard_readwrite/ArtyA7_SDcard_readwrite.srcs/sources_1/bd/design_1/ip/design_1_mig_7series_0_0/design_1_mig_7series_0_0/design_1_mig_7series_0_0_in_context.xdc, line 36).
Applied set_property CLOCK_BUFFER_TYPE = NONE for ddr3_sdram_cas_n. (constraint file  e:/Users/Docs/2.Vivado_projects/ArtyA7_SDcard_readwrite/ArtyA7_SDcard_readwrite.srcs/sources_1/bd/design_1/ip/design_1_mig_7series_0_0/design_1_mig_7series_0_0/design_1_mig_7series_0_0_in_context.xdc, line 37).
Applied set_property IO_BUFFER_TYPE = NONE for ddr3_sdram_ck_n[0]. (constraint file  e:/Users/Docs/2.Vivado_projects/ArtyA7_SDcard_readwrite/ArtyA7_SDcard_readwrite.srcs/sources_1/bd/design_1/ip/design_1_mig_7series_0_0/design_1_mig_7series_0_0/design_1_mig_7series_0_0_in_context.xdc, line 38).
Applied set_property CLOCK_BUFFER_TYPE = NONE for ddr3_sdram_ck_n[0]. (constraint file  e:/Users/Docs/2.Vivado_projects/ArtyA7_SDcard_readwrite/ArtyA7_SDcard_readwrite.srcs/sources_1/bd/design_1/ip/design_1_mig_7series_0_0/design_1_mig_7series_0_0/design_1_mig_7series_0_0_in_context.xdc, line 39).
Applied set_property IO_BUFFER_TYPE = NONE for ddr3_sdram_ck_p[0]. (constraint file  e:/Users/Docs/2.Vivado_projects/ArtyA7_SDcard_readwrite/ArtyA7_SDcard_readwrite.srcs/sources_1/bd/design_1/ip/design_1_mig_7series_0_0/design_1_mig_7series_0_0/design_1_mig_7series_0_0_in_context.xdc, line 40).
Applied set_property CLOCK_BUFFER_TYPE = NONE for ddr3_sdram_ck_p[0]. (constraint file  e:/Users/Docs/2.Vivado_projects/ArtyA7_SDcard_readwrite/ArtyA7_SDcard_readwrite.srcs/sources_1/bd/design_1/ip/design_1_mig_7series_0_0/design_1_mig_7series_0_0/design_1_mig_7series_0_0_in_context.xdc, line 41).
Applied set_property IO_BUFFER_TYPE = NONE for ddr3_sdram_cke[0]. (constraint file  e:/Users/Docs/2.Vivado_projects/ArtyA7_SDcard_readwrite/ArtyA7_SDcard_readwrite.srcs/sources_1/bd/design_1/ip/design_1_mig_7series_0_0/design_1_mig_7series_0_0/design_1_mig_7series_0_0_in_context.xdc, line 42).
Applied set_property CLOCK_BUFFER_TYPE = NONE for ddr3_sdram_cke[0]. (constraint file  e:/Users/Docs/2.Vivado_projects/ArtyA7_SDcard_readwrite/ArtyA7_SDcard_readwrite.srcs/sources_1/bd/design_1/ip/design_1_mig_7series_0_0/design_1_mig_7series_0_0/design_1_mig_7series_0_0_in_context.xdc, line 43).
Applied set_property IO_BUFFER_TYPE = NONE for ddr3_sdram_cs_n[0]. (constraint file  e:/Users/Docs/2.Vivado_projects/ArtyA7_SDcard_readwrite/ArtyA7_SDcard_readwrite.srcs/sources_1/bd/design_1/ip/design_1_mig_7series_0_0/design_1_mig_7series_0_0/design_1_mig_7series_0_0_in_context.xdc, line 44).
Applied set_property CLOCK_BUFFER_TYPE = NONE for ddr3_sdram_cs_n[0]. (constraint file  e:/Users/Docs/2.Vivado_projects/ArtyA7_SDcard_readwrite/ArtyA7_SDcard_readwrite.srcs/sources_1/bd/design_1/ip/design_1_mig_7series_0_0/design_1_mig_7series_0_0/design_1_mig_7series_0_0_in_context.xdc, line 45).
Applied set_property IO_BUFFER_TYPE = NONE for ddr3_sdram_dm[0]. (constraint file  e:/Users/Docs/2.Vivado_projects/ArtyA7_SDcard_readwrite/ArtyA7_SDcard_readwrite.srcs/sources_1/bd/design_1/ip/design_1_mig_7series_0_0/design_1_mig_7series_0_0/design_1_mig_7series_0_0_in_context.xdc, line 46).
Applied set_property CLOCK_BUFFER_TYPE = NONE for ddr3_sdram_dm[0]. (constraint file  e:/Users/Docs/2.Vivado_projects/ArtyA7_SDcard_readwrite/ArtyA7_SDcard_readwrite.srcs/sources_1/bd/design_1/ip/design_1_mig_7series_0_0/design_1_mig_7series_0_0/design_1_mig_7series_0_0_in_context.xdc, line 47).
Applied set_property IO_BUFFER_TYPE = NONE for ddr3_sdram_dm[1]. (constraint file  e:/Users/Docs/2.Vivado_projects/ArtyA7_SDcard_readwrite/ArtyA7_SDcard_readwrite.srcs/sources_1/bd/design_1/ip/design_1_mig_7series_0_0/design_1_mig_7series_0_0/design_1_mig_7series_0_0_in_context.xdc, line 48).
Applied set_property CLOCK_BUFFER_TYPE = NONE for ddr3_sdram_dm[1]. (constraint file  e:/Users/Docs/2.Vivado_projects/ArtyA7_SDcard_readwrite/ArtyA7_SDcard_readwrite.srcs/sources_1/bd/design_1/ip/design_1_mig_7series_0_0/design_1_mig_7series_0_0/design_1_mig_7series_0_0_in_context.xdc, line 49).
Applied set_property IO_BUFFER_TYPE = NONE for ddr3_sdram_dq[0]. (constraint file  e:/Users/Docs/2.Vivado_projects/ArtyA7_SDcard_readwrite/ArtyA7_SDcard_readwrite.srcs/sources_1/bd/design_1/ip/design_1_mig_7series_0_0/design_1_mig_7series_0_0/design_1_mig_7series_0_0_in_context.xdc, line 50).
Applied set_property CLOCK_BUFFER_TYPE = NONE for ddr3_sdram_dq[0]. (constraint file  e:/Users/Docs/2.Vivado_projects/ArtyA7_SDcard_readwrite/ArtyA7_SDcard_readwrite.srcs/sources_1/bd/design_1/ip/design_1_mig_7series_0_0/design_1_mig_7series_0_0/design_1_mig_7series_0_0_in_context.xdc, line 51).
Applied set_property IO_BUFFER_TYPE = NONE for ddr3_sdram_dq[10]. (constraint file  e:/Users/Docs/2.Vivado_projects/ArtyA7_SDcard_readwrite/ArtyA7_SDcard_readwrite.srcs/sources_1/bd/design_1/ip/design_1_mig_7series_0_0/design_1_mig_7series_0_0/design_1_mig_7series_0_0_in_context.xdc, line 52).
Applied set_property CLOCK_BUFFER_TYPE = NONE for ddr3_sdram_dq[10]. (constraint file  e:/Users/Docs/2.Vivado_projects/ArtyA7_SDcard_readwrite/ArtyA7_SDcard_readwrite.srcs/sources_1/bd/design_1/ip/design_1_mig_7series_0_0/design_1_mig_7series_0_0/design_1_mig_7series_0_0_in_context.xdc, line 53).
Applied set_property IO_BUFFER_TYPE = NONE for ddr3_sdram_dq[11]. (constraint file  e:/Users/Docs/2.Vivado_projects/ArtyA7_SDcard_readwrite/ArtyA7_SDcard_readwrite.srcs/sources_1/bd/design_1/ip/design_1_mig_7series_0_0/design_1_mig_7series_0_0/design_1_mig_7series_0_0_in_context.xdc, line 54).
Applied set_property CLOCK_BUFFER_TYPE = NONE for ddr3_sdram_dq[11]. (constraint file  e:/Users/Docs/2.Vivado_projects/ArtyA7_SDcard_readwrite/ArtyA7_SDcard_readwrite.srcs/sources_1/bd/design_1/ip/design_1_mig_7series_0_0/design_1_mig_7series_0_0/design_1_mig_7series_0_0_in_context.xdc, line 55).
Applied set_property IO_BUFFER_TYPE = NONE for ddr3_sdram_dq[12]. (constraint file  e:/Users/Docs/2.Vivado_projects/ArtyA7_SDcard_readwrite/ArtyA7_SDcard_readwrite.srcs/sources_1/bd/design_1/ip/design_1_mig_7series_0_0/design_1_mig_7series_0_0/design_1_mig_7series_0_0_in_context.xdc, line 56).
Applied set_property CLOCK_BUFFER_TYPE = NONE for ddr3_sdram_dq[12]. (constraint file  e:/Users/Docs/2.Vivado_projects/ArtyA7_SDcard_readwrite/ArtyA7_SDcard_readwrite.srcs/sources_1/bd/design_1/ip/design_1_mig_7series_0_0/design_1_mig_7series_0_0/design_1_mig_7series_0_0_in_context.xdc, line 57).
Applied set_property IO_BUFFER_TYPE = NONE for ddr3_sdram_dq[13]. (constraint file  e:/Users/Docs/2.Vivado_projects/ArtyA7_SDcard_readwrite/ArtyA7_SDcard_readwrite.srcs/sources_1/bd/design_1/ip/design_1_mig_7series_0_0/design_1_mig_7series_0_0/design_1_mig_7series_0_0_in_context.xdc, line 58).
Applied set_property CLOCK_BUFFER_TYPE = NONE for ddr3_sdram_dq[13]. (constraint file  e:/Users/Docs/2.Vivado_projects/ArtyA7_SDcard_readwrite/ArtyA7_SDcard_readwrite.srcs/sources_1/bd/design_1/ip/design_1_mig_7series_0_0/design_1_mig_7series_0_0/design_1_mig_7series_0_0_in_context.xdc, line 59).
Applied set_property IO_BUFFER_TYPE = NONE for ddr3_sdram_dq[14]. (constraint file  e:/Users/Docs/2.Vivado_projects/ArtyA7_SDcard_readwrite/ArtyA7_SDcard_readwrite.srcs/sources_1/bd/design_1/ip/design_1_mig_7series_0_0/design_1_mig_7series_0_0/design_1_mig_7series_0_0_in_context.xdc, line 60).
Applied set_property CLOCK_BUFFER_TYPE = NONE for ddr3_sdram_dq[14]. (constraint file  e:/Users/Docs/2.Vivado_projects/ArtyA7_SDcard_readwrite/ArtyA7_SDcard_readwrite.srcs/sources_1/bd/design_1/ip/design_1_mig_7series_0_0/design_1_mig_7series_0_0/design_1_mig_7series_0_0_in_context.xdc, line 61).
Applied set_property IO_BUFFER_TYPE = NONE for ddr3_sdram_dq[15]. (constraint file  e:/Users/Docs/2.Vivado_projects/ArtyA7_SDcard_readwrite/ArtyA7_SDcard_readwrite.srcs/sources_1/bd/design_1/ip/design_1_mig_7series_0_0/design_1_mig_7series_0_0/design_1_mig_7series_0_0_in_context.xdc, line 62).
Applied set_property CLOCK_BUFFER_TYPE = NONE for ddr3_sdram_dq[15]. (constraint file  e:/Users/Docs/2.Vivado_projects/ArtyA7_SDcard_readwrite/ArtyA7_SDcard_readwrite.srcs/sources_1/bd/design_1/ip/design_1_mig_7series_0_0/design_1_mig_7series_0_0/design_1_mig_7series_0_0_in_context.xdc, line 63).
Applied set_property IO_BUFFER_TYPE = NONE for ddr3_sdram_dq[1]. (constraint file  e:/Users/Docs/2.Vivado_projects/ArtyA7_SDcard_readwrite/ArtyA7_SDcard_readwrite.srcs/sources_1/bd/design_1/ip/design_1_mig_7series_0_0/design_1_mig_7series_0_0/design_1_mig_7series_0_0_in_context.xdc, line 64).
Applied set_property CLOCK_BUFFER_TYPE = NONE for ddr3_sdram_dq[1]. (constraint file  e:/Users/Docs/2.Vivado_projects/ArtyA7_SDcard_readwrite/ArtyA7_SDcard_readwrite.srcs/sources_1/bd/design_1/ip/design_1_mig_7series_0_0/design_1_mig_7series_0_0/design_1_mig_7series_0_0_in_context.xdc, line 65).
Applied set_property IO_BUFFER_TYPE = NONE for ddr3_sdram_dq[2]. (constraint file  e:/Users/Docs/2.Vivado_projects/ArtyA7_SDcard_readwrite/ArtyA7_SDcard_readwrite.srcs/sources_1/bd/design_1/ip/design_1_mig_7series_0_0/design_1_mig_7series_0_0/design_1_mig_7series_0_0_in_context.xdc, line 66).
Applied set_property CLOCK_BUFFER_TYPE = NONE for ddr3_sdram_dq[2]. (constraint file  e:/Users/Docs/2.Vivado_projects/ArtyA7_SDcard_readwrite/ArtyA7_SDcard_readwrite.srcs/sources_1/bd/design_1/ip/design_1_mig_7series_0_0/design_1_mig_7series_0_0/design_1_mig_7series_0_0_in_context.xdc, line 67).
Applied set_property IO_BUFFER_TYPE = NONE for ddr3_sdram_dq[3]. (constraint file  e:/Users/Docs/2.Vivado_projects/ArtyA7_SDcard_readwrite/ArtyA7_SDcard_readwrite.srcs/sources_1/bd/design_1/ip/design_1_mig_7series_0_0/design_1_mig_7series_0_0/design_1_mig_7series_0_0_in_context.xdc, line 68).
Applied set_property CLOCK_BUFFER_TYPE = NONE for ddr3_sdram_dq[3]. (constraint file  e:/Users/Docs/2.Vivado_projects/ArtyA7_SDcard_readwrite/ArtyA7_SDcard_readwrite.srcs/sources_1/bd/design_1/ip/design_1_mig_7series_0_0/design_1_mig_7series_0_0/design_1_mig_7series_0_0_in_context.xdc, line 69).
Applied set_property IO_BUFFER_TYPE = NONE for ddr3_sdram_dq[4]. (constraint file  e:/Users/Docs/2.Vivado_projects/ArtyA7_SDcard_readwrite/ArtyA7_SDcard_readwrite.srcs/sources_1/bd/design_1/ip/design_1_mig_7series_0_0/design_1_mig_7series_0_0/design_1_mig_7series_0_0_in_context.xdc, line 70).
Applied set_property CLOCK_BUFFER_TYPE = NONE for ddr3_sdram_dq[4]. (constraint file  e:/Users/Docs/2.Vivado_projects/ArtyA7_SDcard_readwrite/ArtyA7_SDcard_readwrite.srcs/sources_1/bd/design_1/ip/design_1_mig_7series_0_0/design_1_mig_7series_0_0/design_1_mig_7series_0_0_in_context.xdc, line 71).
Applied set_property IO_BUFFER_TYPE = NONE for ddr3_sdram_dq[5]. (constraint file  e:/Users/Docs/2.Vivado_projects/ArtyA7_SDcard_readwrite/ArtyA7_SDcard_readwrite.srcs/sources_1/bd/design_1/ip/design_1_mig_7series_0_0/design_1_mig_7series_0_0/design_1_mig_7series_0_0_in_context.xdc, line 72).
Applied set_property CLOCK_BUFFER_TYPE = NONE for ddr3_sdram_dq[5]. (constraint file  e:/Users/Docs/2.Vivado_projects/ArtyA7_SDcard_readwrite/ArtyA7_SDcard_readwrite.srcs/sources_1/bd/design_1/ip/design_1_mig_7series_0_0/design_1_mig_7series_0_0/design_1_mig_7series_0_0_in_context.xdc, line 73).
Applied set_property IO_BUFFER_TYPE = NONE for ddr3_sdram_dq[6]. (constraint file  e:/Users/Docs/2.Vivado_projects/ArtyA7_SDcard_readwrite/ArtyA7_SDcard_readwrite.srcs/sources_1/bd/design_1/ip/design_1_mig_7series_0_0/design_1_mig_7series_0_0/design_1_mig_7series_0_0_in_context.xdc, line 74).
Applied set_property CLOCK_BUFFER_TYPE = NONE for ddr3_sdram_dq[6]. (constraint file  e:/Users/Docs/2.Vivado_projects/ArtyA7_SDcard_readwrite/ArtyA7_SDcard_readwrite.srcs/sources_1/bd/design_1/ip/design_1_mig_7series_0_0/design_1_mig_7series_0_0/design_1_mig_7series_0_0_in_context.xdc, line 75).
Applied set_property IO_BUFFER_TYPE = NONE for ddr3_sdram_dq[7]. (constraint file  e:/Users/Docs/2.Vivado_projects/ArtyA7_SDcard_readwrite/ArtyA7_SDcard_readwrite.srcs/sources_1/bd/design_1/ip/design_1_mig_7series_0_0/design_1_mig_7series_0_0/design_1_mig_7series_0_0_in_context.xdc, line 76).
Applied set_property CLOCK_BUFFER_TYPE = NONE for ddr3_sdram_dq[7]. (constraint file  e:/Users/Docs/2.Vivado_projects/ArtyA7_SDcard_readwrite/ArtyA7_SDcard_readwrite.srcs/sources_1/bd/design_1/ip/design_1_mig_7series_0_0/design_1_mig_7series_0_0/design_1_mig_7series_0_0_in_context.xdc, line 77).
Applied set_property IO_BUFFER_TYPE = NONE for ddr3_sdram_dq[8]. (constraint file  e:/Users/Docs/2.Vivado_projects/ArtyA7_SDcard_readwrite/ArtyA7_SDcard_readwrite.srcs/sources_1/bd/design_1/ip/design_1_mig_7series_0_0/design_1_mig_7series_0_0/design_1_mig_7series_0_0_in_context.xdc, line 78).
Applied set_property CLOCK_BUFFER_TYPE = NONE for ddr3_sdram_dq[8]. (constraint file  e:/Users/Docs/2.Vivado_projects/ArtyA7_SDcard_readwrite/ArtyA7_SDcard_readwrite.srcs/sources_1/bd/design_1/ip/design_1_mig_7series_0_0/design_1_mig_7series_0_0/design_1_mig_7series_0_0_in_context.xdc, line 79).
Applied set_property IO_BUFFER_TYPE = NONE for ddr3_sdram_dq[9]. (constraint file  e:/Users/Docs/2.Vivado_projects/ArtyA7_SDcard_readwrite/ArtyA7_SDcard_readwrite.srcs/sources_1/bd/design_1/ip/design_1_mig_7series_0_0/design_1_mig_7series_0_0/design_1_mig_7series_0_0_in_context.xdc, line 80).
Applied set_property CLOCK_BUFFER_TYPE = NONE for ddr3_sdram_dq[9]. (constraint file  e:/Users/Docs/2.Vivado_projects/ArtyA7_SDcard_readwrite/ArtyA7_SDcard_readwrite.srcs/sources_1/bd/design_1/ip/design_1_mig_7series_0_0/design_1_mig_7series_0_0/design_1_mig_7series_0_0_in_context.xdc, line 81).
Applied set_property IO_BUFFER_TYPE = NONE for ddr3_sdram_dqs_n[0]. (constraint file  e:/Users/Docs/2.Vivado_projects/ArtyA7_SDcard_readwrite/ArtyA7_SDcard_readwrite.srcs/sources_1/bd/design_1/ip/design_1_mig_7series_0_0/design_1_mig_7series_0_0/design_1_mig_7series_0_0_in_context.xdc, line 82).
Applied set_property CLOCK_BUFFER_TYPE = NONE for ddr3_sdram_dqs_n[0]. (constraint file  e:/Users/Docs/2.Vivado_projects/ArtyA7_SDcard_readwrite/ArtyA7_SDcard_readwrite.srcs/sources_1/bd/design_1/ip/design_1_mig_7series_0_0/design_1_mig_7series_0_0/design_1_mig_7series_0_0_in_context.xdc, line 83).
Applied set_property IO_BUFFER_TYPE = NONE for ddr3_sdram_dqs_n[1]. (constraint file  e:/Users/Docs/2.Vivado_projects/ArtyA7_SDcard_readwrite/ArtyA7_SDcard_readwrite.srcs/sources_1/bd/design_1/ip/design_1_mig_7series_0_0/design_1_mig_7series_0_0/design_1_mig_7series_0_0_in_context.xdc, line 84).
Applied set_property CLOCK_BUFFER_TYPE = NONE for ddr3_sdram_dqs_n[1]. (constraint file  e:/Users/Docs/2.Vivado_projects/ArtyA7_SDcard_readwrite/ArtyA7_SDcard_readwrite.srcs/sources_1/bd/design_1/ip/design_1_mig_7series_0_0/design_1_mig_7series_0_0/design_1_mig_7series_0_0_in_context.xdc, line 85).
Applied set_property IO_BUFFER_TYPE = NONE for ddr3_sdram_dqs_p[0]. (constraint file  e:/Users/Docs/2.Vivado_projects/ArtyA7_SDcard_readwrite/ArtyA7_SDcard_readwrite.srcs/sources_1/bd/design_1/ip/design_1_mig_7series_0_0/design_1_mig_7series_0_0/design_1_mig_7series_0_0_in_context.xdc, line 86).
Applied set_property CLOCK_BUFFER_TYPE = NONE for ddr3_sdram_dqs_p[0]. (constraint file  e:/Users/Docs/2.Vivado_projects/ArtyA7_SDcard_readwrite/ArtyA7_SDcard_readwrite.srcs/sources_1/bd/design_1/ip/design_1_mig_7series_0_0/design_1_mig_7series_0_0/design_1_mig_7series_0_0_in_context.xdc, line 87).
Applied set_property IO_BUFFER_TYPE = NONE for ddr3_sdram_dqs_p[1]. (constraint file  e:/Users/Docs/2.Vivado_projects/ArtyA7_SDcard_readwrite/ArtyA7_SDcard_readwrite.srcs/sources_1/bd/design_1/ip/design_1_mig_7series_0_0/design_1_mig_7series_0_0/design_1_mig_7series_0_0_in_context.xdc, line 88).
Applied set_property CLOCK_BUFFER_TYPE = NONE for ddr3_sdram_dqs_p[1]. (constraint file  e:/Users/Docs/2.Vivado_projects/ArtyA7_SDcard_readwrite/ArtyA7_SDcard_readwrite.srcs/sources_1/bd/design_1/ip/design_1_mig_7series_0_0/design_1_mig_7series_0_0/design_1_mig_7series_0_0_in_context.xdc, line 89).
Applied set_property IO_BUFFER_TYPE = NONE for ddr3_sdram_odt[0]. (constraint file  e:/Users/Docs/2.Vivado_projects/ArtyA7_SDcard_readwrite/ArtyA7_SDcard_readwrite.srcs/sources_1/bd/design_1/ip/design_1_mig_7series_0_0/design_1_mig_7series_0_0/design_1_mig_7series_0_0_in_context.xdc, line 90).
Applied set_property CLOCK_BUFFER_TYPE = NONE for ddr3_sdram_odt[0]. (constraint file  e:/Users/Docs/2.Vivado_projects/ArtyA7_SDcard_readwrite/ArtyA7_SDcard_readwrite.srcs/sources_1/bd/design_1/ip/design_1_mig_7series_0_0/design_1_mig_7series_0_0/design_1_mig_7series_0_0_in_context.xdc, line 91).
Applied set_property IO_BUFFER_TYPE = NONE for ddr3_sdram_ras_n. (constraint file  e:/Users/Docs/2.Vivado_projects/ArtyA7_SDcard_readwrite/ArtyA7_SDcard_readwrite.srcs/sources_1/bd/design_1/ip/design_1_mig_7series_0_0/design_1_mig_7series_0_0/design_1_mig_7series_0_0_in_context.xdc, line 92).
Applied set_property CLOCK_BUFFER_TYPE = NONE for ddr3_sdram_ras_n. (constraint file  e:/Users/Docs/2.Vivado_projects/ArtyA7_SDcard_readwrite/ArtyA7_SDcard_readwrite.srcs/sources_1/bd/design_1/ip/design_1_mig_7series_0_0/design_1_mig_7series_0_0/design_1_mig_7series_0_0_in_context.xdc, line 93).
Applied set_property IO_BUFFER_TYPE = NONE for ddr3_sdram_reset_n. (constraint file  e:/Users/Docs/2.Vivado_projects/ArtyA7_SDcard_readwrite/ArtyA7_SDcard_readwrite.srcs/sources_1/bd/design_1/ip/design_1_mig_7series_0_0/design_1_mig_7series_0_0/design_1_mig_7series_0_0_in_context.xdc, line 94).
Applied set_property CLOCK_BUFFER_TYPE = NONE for ddr3_sdram_reset_n. (constraint file  e:/Users/Docs/2.Vivado_projects/ArtyA7_SDcard_readwrite/ArtyA7_SDcard_readwrite.srcs/sources_1/bd/design_1/ip/design_1_mig_7series_0_0/design_1_mig_7series_0_0/design_1_mig_7series_0_0_in_context.xdc, line 95).
Applied set_property IO_BUFFER_TYPE = NONE for ddr3_sdram_we_n. (constraint file  e:/Users/Docs/2.Vivado_projects/ArtyA7_SDcard_readwrite/ArtyA7_SDcard_readwrite.srcs/sources_1/bd/design_1/ip/design_1_mig_7series_0_0/design_1_mig_7series_0_0/design_1_mig_7series_0_0_in_context.xdc, line 96).
Applied set_property CLOCK_BUFFER_TYPE = NONE for ddr3_sdram_we_n. (constraint file  e:/Users/Docs/2.Vivado_projects/ArtyA7_SDcard_readwrite/ArtyA7_SDcard_readwrite.srcs/sources_1/bd/design_1/ip/design_1_mig_7series_0_0/design_1_mig_7series_0_0/design_1_mig_7series_0_0_in_context.xdc, line 97).
Applied set_property DONT_TOUCH = true for design_1_i. (constraint file  auto generated constraint, line ).
Applied set_property DONT_TOUCH = true for design_1_i/clk_wiz_0. (constraint file  auto generated constraint, line ).
Applied set_property DONT_TOUCH = true for design_1_i/mig_7series_0. (constraint file  auto generated constraint, line ).
Applied set_property DONT_TOUCH = true for design_1_i/microblaze_0. (constraint file  auto generated constraint, line ).
Applied set_property DONT_TOUCH = true for design_1_i/microblaze_0_local_memory/dlmb_v10. (constraint file  auto generated constraint, line ).
Applied set_property DONT_TOUCH = true for design_1_i/microblaze_0_local_memory/ilmb_v10. (constraint file  auto generated constraint, line ).
Applied set_property DONT_TOUCH = true for design_1_i/microblaze_0_local_memory/dlmb_bram_if_cntlr. (constraint file  auto generated constraint, line ).
Applied set_property DONT_TOUCH = true for design_1_i/microblaze_0_local_memory/ilmb_bram_if_cntlr. (constraint file  auto generated constraint, line ).
Applied set_property DONT_TOUCH = true for design_1_i/microblaze_0_local_memory/lmb_bram. (constraint file  auto generated constraint, line ).
Applied set_property DONT_TOUCH = true for design_1_i/microblaze_0_axi_periph/xbar. (constraint file  auto generated constraint, line ).
Applied set_property DONT_TOUCH = true for design_1_i/microblaze_0_axi_periph. (constraint file  auto generated constraint, line ).
Applied set_property DONT_TOUCH = true for design_1_i/microblaze_0_axi_intc. (constraint file  auto generated constraint, line ).
Applied set_property DONT_TOUCH = true for design_1_i/microblaze_0_xlconcat. (constraint file  auto generated constraint, line ).
Applied set_property DONT_TOUCH = true for design_1_i/mdm_1. (constraint file  auto generated constraint, line ).
Applied set_property DONT_TOUCH = true for design_1_i/rst_mig_7series_0_83M. (constraint file  auto generated constraint, line ).
Applied set_property DONT_TOUCH = true for design_1_i/axi_smc. (constraint file  auto generated constraint, line ).
Applied set_property DONT_TOUCH = true for design_1_i/PmodSD_0. (constraint file  auto generated constraint, line ).
Applied set_property DONT_TOUCH = true for design_1_i/axi_uartlite_0. (constraint file  auto generated constraint, line ).
Applied set_property DONT_TOUCH = true for design_1_i/axi_gpio_0. (constraint file  auto generated constraint, line ).
---------------------------------------------------------------------------------
Finished applying 'set_property' XDC Constraints : Time (s): cpu = 00:00:18 ; elapsed = 00:00:20 . Memory (MB): peak = 923.250 ; gain = 449.016
---------------------------------------------------------------------------------
---------------------------------------------------------------------------------
Finished RTL Optimization Phase 2 : Time (s): cpu = 00:00:18 ; elapsed = 00:00:20 . Memory (MB): peak = 923.250 ; gain = 449.016
---------------------------------------------------------------------------------

Report RTL Partitions: 
+-+--------------+------------+----------+
| |RTL Partition |Replication |Instances |
+-+--------------+------------+----------+
+-+--------------+------------+----------+
---------------------------------------------------------------------------------
Start RTL Component Statistics 
---------------------------------------------------------------------------------
Detailed RTL Component Info : 
---------------------------------------------------------------------------------
Finished RTL Component Statistics 
---------------------------------------------------------------------------------
---------------------------------------------------------------------------------
Start RTL Hierarchical Component Statistics 
---------------------------------------------------------------------------------
Hierarchical RTL Component report 
---------------------------------------------------------------------------------
Finished RTL Hierarchical Component Statistics
---------------------------------------------------------------------------------
---------------------------------------------------------------------------------
Start Part Resource Summary
---------------------------------------------------------------------------------
Part Resources:
DSPs: 90 (col length:60)
BRAMs: 100 (col length: RAMB18 60 RAMB36 30)
---------------------------------------------------------------------------------
Finished Part Resource Summary
---------------------------------------------------------------------------------
---------------------------------------------------------------------------------
Start Cross Boundary and Area Optimization
---------------------------------------------------------------------------------
Warning: Parallel synthesis criteria is not met 
WARNING: [Synth 8-3331] design design_1_microblaze_0_axi_periph_0 has unconnected port M00_ACLK
WARNING: [Synth 8-3331] design design_1_microblaze_0_axi_periph_0 has unconnected port M00_ARESETN
WARNING: [Synth 8-3331] design design_1_microblaze_0_axi_periph_0 has unconnected port M01_ACLK
WARNING: [Synth 8-3331] design design_1_microblaze_0_axi_periph_0 has unconnected port M01_ARESETN
WARNING: [Synth 8-3331] design design_1_microblaze_0_axi_periph_0 has unconnected port M02_ACLK
WARNING: [Synth 8-3331] design design_1_microblaze_0_axi_periph_0 has unconnected port M02_ARESETN
WARNING: [Synth 8-3331] design design_1_microblaze_0_axi_periph_0 has unconnected port M03_ACLK
WARNING: [Synth 8-3331] design design_1_microblaze_0_axi_periph_0 has unconnected port M03_ARESETN
WARNING: [Synth 8-3331] design design_1_microblaze_0_axi_periph_0 has unconnected port M04_ACLK
WARNING: [Synth 8-3331] design design_1_microblaze_0_axi_periph_0 has unconnected port M04_ARESETN
WARNING: [Synth 8-3331] design design_1_microblaze_0_axi_periph_0 has unconnected port S00_ACLK
WARNING: [Synth 8-3331] design design_1_microblaze_0_axi_periph_0 has unconnected port S00_ARESETN
---------------------------------------------------------------------------------
Finished Cross Boundary and Area Optimization : Time (s): cpu = 00:00:19 ; elapsed = 00:00:21 . Memory (MB): peak = 923.250 ; gain = 449.016
---------------------------------------------------------------------------------

Report RTL Partitions: 
+-+--------------+------------+----------+
| |RTL Partition |Replication |Instances |
+-+--------------+------------+----------+
+-+--------------+------------+----------+
---------------------------------------------------------------------------------
Start Applying XDC Timing Constraints
---------------------------------------------------------------------------------
INFO: [Synth 8-5578] Moved timing constraint from pin 'design_1_i/clk_wiz_0/clk_out1' to pin 'design_1_i/clk_wiz_0/bbstub_clk_out1/O'
INFO: [Synth 8-5578] Moved timing constraint from pin 'design_1_i/clk_wiz_0/clk_out2' to pin 'design_1_i/clk_wiz_0/bbstub_clk_out2/O'
INFO: [Synth 8-5578] Moved timing constraint from pin 'design_1_i/mig_7series_0/ui_clk' to pin 'design_1_i/mig_7series_0/bbstub_ui_clk/O'
INFO: [Synth 8-5578] Moved timing constraint from pin 'design_1_i/microblaze_0_local_memory/dlmb_bram_if_cntlr/BRAM_Clk_A' to pin 'design_1_i/microblaze_0_local_memory/dlmb_bram_if_cntlr/bbstub_BRAM_Clk_A/O'
INFO: [Synth 8-5578] Moved timing constraint from pin 'design_1_i/microblaze_0_local_memory/ilmb_bram_if_cntlr/BRAM_Clk_A' to pin 'design_1_i/microblaze_0_local_memory/ilmb_bram_if_cntlr/bbstub_BRAM_Clk_A/O'
INFO: [Synth 8-5578] Moved timing constraint from pin 'design_1_i/mdm_1/Dbg_Clk_0' to pin 'design_1_i/mdm_1/bbstub_Dbg_Clk_0/O'
INFO: [Synth 8-5578] Moved timing constraint from pin 'design_1_i/mdm_1/Dbg_Update_0' to pin 'design_1_i/mdm_1/bbstub_Dbg_Update_0/O'
INFO: [Synth 8-5819] Moved 7 constraints on hierarchical pins to their respective driving/loading pins
---------------------------------------------------------------------------------
Finished Applying XDC Timing Constraints : Time (s): cpu = 00:00:31 ; elapsed = 00:00:33 . Memory (MB): peak = 941.227 ; gain = 466.992
---------------------------------------------------------------------------------
---------------------------------------------------------------------------------
Start Timing Optimization
---------------------------------------------------------------------------------
---------------------------------------------------------------------------------
Finished Timing Optimization : Time (s): cpu = 00:00:31 ; elapsed = 00:00:33 . Memory (MB): peak = 941.527 ; gain = 467.293
---------------------------------------------------------------------------------

Report RTL Partitions: 
+-+--------------+------------+----------+
| |RTL Partition |Replication |Instances |
+-+--------------+------------+----------+
+-+--------------+------------+----------+
---------------------------------------------------------------------------------
Start Technology Mapping
---------------------------------------------------------------------------------
---------------------------------------------------------------------------------
Finished Technology Mapping : Time (s): cpu = 00:00:31 ; elapsed = 00:00:33 . Memory (MB): peak = 952.211 ; gain = 477.977
---------------------------------------------------------------------------------

Report RTL Partitions: 
+-+--------------+------------+----------+
| |RTL Partition |Replication |Instances |
+-+--------------+------------+----------+
+-+--------------+------------+----------+
---------------------------------------------------------------------------------
Start IO Insertion
---------------------------------------------------------------------------------
---------------------------------------------------------------------------------
Start Flattening Before IO Insertion
---------------------------------------------------------------------------------
---------------------------------------------------------------------------------
Finished Flattening Before IO Insertion
---------------------------------------------------------------------------------
---------------------------------------------------------------------------------
Start Final Netlist Cleanup
---------------------------------------------------------------------------------
---------------------------------------------------------------------------------
Finished Final Netlist Cleanup
---------------------------------------------------------------------------------
---------------------------------------------------------------------------------
Finished IO Insertion : Time (s): cpu = 00:00:33 ; elapsed = 00:00:35 . Memory (MB): peak = 952.211 ; gain = 477.977
---------------------------------------------------------------------------------

Report Check Netlist: 
+------+------------------+-------+---------+-------+------------------+
|      |Item              |Errors |Warnings |Status |Description       |
+------+------------------+-------+---------+-------+------------------+
|1     |multi_driven_nets |      0|        0|Passed |Multi driven nets |
+------+------------------+-------+---------+-------+------------------+
---------------------------------------------------------------------------------
Start Renaming Generated Instances
---------------------------------------------------------------------------------
---------------------------------------------------------------------------------
Finished Renaming Generated Instances : Time (s): cpu = 00:00:33 ; elapsed = 00:00:35 . Memory (MB): peak = 952.211 ; gain = 477.977
---------------------------------------------------------------------------------

Report RTL Partitions: 
+-+--------------+------------+----------+
| |RTL Partition |Replication |Instances |
+-+--------------+------------+----------+
+-+--------------+------------+----------+
---------------------------------------------------------------------------------
Start Rebuilding User Hierarchy
---------------------------------------------------------------------------------
---------------------------------------------------------------------------------
Finished Rebuilding User Hierarchy : Time (s): cpu = 00:00:33 ; elapsed = 00:00:35 . Memory (MB): peak = 952.211 ; gain = 477.977
---------------------------------------------------------------------------------
---------------------------------------------------------------------------------
Start Renaming Generated Ports
---------------------------------------------------------------------------------
---------------------------------------------------------------------------------
Finished Renaming Generated Ports : Time (s): cpu = 00:00:33 ; elapsed = 00:00:35 . Memory (MB): peak = 952.211 ; gain = 477.977
---------------------------------------------------------------------------------
---------------------------------------------------------------------------------
Start Handling Custom Attributes
---------------------------------------------------------------------------------
---------------------------------------------------------------------------------
Finished Handling Custom Attributes : Time (s): cpu = 00:00:33 ; elapsed = 00:00:35 . Memory (MB): peak = 952.211 ; gain = 477.977
---------------------------------------------------------------------------------
---------------------------------------------------------------------------------
Start Renaming Generated Nets
---------------------------------------------------------------------------------
---------------------------------------------------------------------------------
Finished Renaming Generated Nets : Time (s): cpu = 00:00:33 ; elapsed = 00:00:35 . Memory (MB): peak = 952.211 ; gain = 477.977
---------------------------------------------------------------------------------
---------------------------------------------------------------------------------
Start Writing Synthesis Report
---------------------------------------------------------------------------------

Report BlackBoxes: 
+------+---------------------------------+----------+
|      |BlackBox name                    |Instances |
+------+---------------------------------+----------+
|1     |design_1_xbar_0                  |         1|
|2     |design_1_PmodSD_0_0              |         1|
|3     |design_1_axi_gpio_0_0            |         1|
|4     |design_1_axi_smc_0               |         1|
|5     |design_1_axi_uartlite_0_0        |         1|
|6     |design_1_clk_wiz_0_0             |         1|
|7     |design_1_mdm_1_0                 |         1|
|8     |design_1_microblaze_0_0          |         1|
|9     |design_1_microblaze_0_axi_intc_0 |         1|
|10    |design_1_mig_7series_0_0         |         1|
|11    |design_1_rst_mig_7series_0_83M_0 |         1|
|12    |design_1_dlmb_bram_if_cntlr_0    |         1|
|13    |design_1_dlmb_v10_0              |         1|
|14    |design_1_ilmb_bram_if_cntlr_0    |         1|
|15    |design_1_ilmb_v10_0              |         1|
|16    |design_1_lmb_bram_0              |         1|
+------+---------------------------------+----------+

Report Cell Usage: 
+------+---------------------------------+------+
|      |Cell                             |Count |
+------+---------------------------------+------+
|1     |design_1_PmodSD_0_0              |     1|
|2     |design_1_axi_gpio_0_0            |     1|
|3     |design_1_axi_smc_0               |     1|
|4     |design_1_axi_uartlite_0_0        |     1|
|5     |design_1_clk_wiz_0_0             |     1|
|6     |design_1_dlmb_bram_if_cntlr_0    |     1|
|7     |design_1_dlmb_v10_0              |     1|
|8     |design_1_ilmb_bram_if_cntlr_0    |     1|
|9     |design_1_ilmb_v10_0              |     1|
|10    |design_1_lmb_bram_0              |     1|
|11    |design_1_mdm_1_0                 |     1|
|12    |design_1_microblaze_0_0          |     1|
|13    |design_1_microblaze_0_axi_intc_0 |     1|
|14    |design_1_mig_7series_0_0         |     1|
|15    |design_1_rst_mig_7series_0_83M_0 |     1|
|16    |design_1_xbar_0                  |     1|
|17    |IBUF                             |     6|
|18    |IOBUF                            |    12|
|19    |OBUF                             |     1|
+------+---------------------------------+------+

Report Instance Areas: 
+------+------------------------------+--------------------------------------+------+
|      |Instance                      |Module                                |Cells |
+------+------------------------------+--------------------------------------+------+
|1     |top                           |                                      |  2462|
|2     |  design_1_i                  |design_1                              |  2443|
|3     |    microblaze_0_axi_periph   |design_1_microblaze_0_axi_periph_0    |   596|
|4     |    microblaze_0_xlconcat     |design_1_microblaze_0_xlconcat_0      |     0|
|5     |    microblaze_0_local_memory |microblaze_0_local_memory_imp_1K0VQXK |   496|
+------+------------------------------+--------------------------------------+------+
---------------------------------------------------------------------------------
Finished Writing Synthesis Report : Time (s): cpu = 00:00:33 ; elapsed = 00:00:35 . Memory (MB): peak = 952.211 ; gain = 477.977
---------------------------------------------------------------------------------
Synthesis finished with 0 errors, 0 critical warnings and 12 warnings.
Synthesis Optimization Runtime : Time (s): cpu = 00:00:19 ; elapsed = 00:00:25 . Memory (MB): peak = 952.211 ; gain = 191.328
Synthesis Optimization Complete : Time (s): cpu = 00:00:33 ; elapsed = 00:00:35 . Memory (MB): peak = 952.211 ; gain = 477.977
INFO: [Project 1-571] Translating synthesized netlist
INFO: [Netlist 29-17] Analyzing 12 Unisim elements for replacement
INFO: [Netlist 29-28] Unisim Transformation completed in 0 CPU seconds
INFO: [Project 1-570] Preparing netlist for logic optimization
INFO: [Opt 31-138] Pushed 0 inverter(s) to 0 load pin(s).
Netlist sorting complete. Time (s): cpu = 00:00:00 ; elapsed = 00:00:00 . Memory (MB): peak = 965.125 ; gain = 0.000
INFO: [Project 1-111] Unisim Transformation Summary:
  A total of 12 instances were transformed.
  IOBUF => IOBUF (IBUF, OBUFT): 12 instances

INFO: [Common 17-83] Releasing license: Synthesis
82 Infos, 89 Warnings, 0 Critical Warnings and 0 Errors encountered.
synth_design completed successfully
synth_design: Time (s): cpu = 00:00:35 ; elapsed = 00:00:39 . Memory (MB): peak = 965.195 ; gain = 503.195
Netlist sorting complete. Time (s): cpu = 00:00:00 ; elapsed = 00:00:00 . Memory (MB): peak = 965.195 ; gain = 0.000
WARNING: [Constraints 18-5210] No constraints selected for write.
Resolution: This message can indicate that there are no constraints for the design, or it can indicate that the used_in flags are set such that the constraints are ignored. This later case is used when running synth_design to not write synthesis constraints to the resulting checkpoint. Instead, project constraints are read when the synthesized design is opened.
INFO: [Common 17-1381] The checkpoint 'E:/Users/Docs/2.Vivado_projects/ArtyA7_SDcard_readwrite/ArtyA7_SDcard_readwrite.runs/synth_1/design_1_wrapper.dcp' has been generated.
INFO: [runtcl-4] Executing : report_utilization -file design_1_wrapper_utilization_synth.rpt -pb design_1_wrapper_utilization_synth.pb
INFO: [Common 17-206] Exiting Vivado at Wed Aug 28 18:02:24 2019...
